mode: set
github.com/lukcba/club-pulse-system-api/backend/internal/modules/facilities/infrastructure/repository/postgres.go:18.77,21.16 3 1
github.com/lukcba/club-pulse-system-api/backend/internal/modules/facilities/infrastructure/repository/postgres.go:21.16,23.3 1 0
github.com/lukcba/club-pulse-system-api/backend/internal/modules/facilities/infrastructure/repository/postgres.go:23.8,25.3 1 1
github.com/lukcba/club-pulse-system-api/backend/internal/modules/facilities/infrastructure/repository/postgres.go:26.2,26.44 1 1
github.com/lukcba/club-pulse-system-api/backend/internal/modules/facilities/infrastructure/repository/postgres.go:47.41,49.2 1 1
github.com/lukcba/club-pulse-system-api/backend/internal/modules/facilities/infrastructure/repository/postgres.go:51.99,69.2 2 1
github.com/lukcba/club-pulse-system-api/backend/internal/modules/facilities/infrastructure/repository/postgres.go:71.112,74.25 3 1
github.com/lukcba/club-pulse-system-api/backend/internal/modules/facilities/infrastructure/repository/postgres.go:74.25,75.54 1 0
github.com/lukcba/club-pulse-system-api/backend/internal/modules/facilities/infrastructure/repository/postgres.go:75.54,77.4 1 0
github.com/lukcba/club-pulse-system-api/backend/internal/modules/facilities/infrastructure/repository/postgres.go:78.3,78.27 1 0
github.com/lukcba/club-pulse-system-api/backend/internal/modules/facilities/infrastructure/repository/postgres.go:80.2,80.31 1 1
github.com/lukcba/club-pulse-system-api/backend/internal/modules/facilities/infrastructure/repository/postgres.go:83.126,86.25 3 1
github.com/lukcba/club-pulse-system-api/backend/internal/modules/facilities/infrastructure/repository/postgres.go:86.25,88.3 1 0
github.com/lukcba/club-pulse-system-api/backend/internal/modules/facilities/infrastructure/repository/postgres.go:90.2,91.27 2 1
github.com/lukcba/club-pulse-system-api/backend/internal/modules/facilities/infrastructure/repository/postgres.go:91.27,93.3 1 1
github.com/lukcba/club-pulse-system-api/backend/internal/modules/facilities/infrastructure/repository/postgres.go:94.2,94.24 1 1
github.com/lukcba/club-pulse-system-api/backend/internal/modules/facilities/infrastructure/repository/postgres.go:97.99,116.2 2 1
github.com/lukcba/club-pulse-system-api/backend/internal/modules/facilities/infrastructure/repository/postgres.go:118.81,135.2 1 1
github.com/lukcba/club-pulse-system-api/backend/internal/modules/facilities/infrastructure/repository/postgres.go:154.48,156.2 1 1
github.com/lukcba/club-pulse-system-api/backend/internal/modules/facilities/infrastructure/repository/postgres.go:170.42,172.2 1 1
github.com/lukcba/club-pulse-system-api/backend/internal/modules/facilities/infrastructure/repository/postgres.go:176.69,178.2 1 0
github.com/lukcba/club-pulse-system-api/backend/internal/modules/facilities/infrastructure/repository/postgres.go:180.92,196.2 2 1
github.com/lukcba/club-pulse-system-api/backend/internal/modules/facilities/infrastructure/repository/postgres.go:198.101,200.63 2 1
github.com/lukcba/club-pulse-system-api/backend/internal/modules/facilities/infrastructure/repository/postgres.go:200.63,201.45 1 0
github.com/lukcba/club-pulse-system-api/backend/internal/modules/facilities/infrastructure/repository/postgres.go:201.45,203.4 1 0
github.com/lukcba/club-pulse-system-api/backend/internal/modules/facilities/infrastructure/repository/postgres.go:204.3,204.18 1 0
github.com/lukcba/club-pulse-system-api/backend/internal/modules/facilities/infrastructure/repository/postgres.go:206.2,219.8 1 1
github.com/lukcba/club-pulse-system-api/backend/internal/modules/facilities/infrastructure/repository/postgres.go:222.139,224.103 2 1
github.com/lukcba/club-pulse-system-api/backend/internal/modules/facilities/infrastructure/repository/postgres.go:224.103,226.3 1 0
github.com/lukcba/club-pulse-system-api/backend/internal/modules/facilities/infrastructure/repository/postgres.go:227.2,228.27 2 1
github.com/lukcba/club-pulse-system-api/backend/internal/modules/facilities/infrastructure/repository/postgres.go:228.27,243.3 1 1
github.com/lukcba/club-pulse-system-api/backend/internal/modules/facilities/infrastructure/repository/postgres.go:244.2,244.19 1 1
github.com/lukcba/club-pulse-system-api/backend/internal/modules/facilities/infrastructure/repository/postgres.go:247.142,260.16 3 1
github.com/lukcba/club-pulse-system-api/backend/internal/modules/facilities/infrastructure/repository/postgres.go:260.16,262.3 1 0
github.com/lukcba/club-pulse-system-api/backend/internal/modules/facilities/infrastructure/repository/postgres.go:263.2,263.23 1 1
github.com/lukcba/club-pulse-system-api/backend/internal/modules/facilities/infrastructure/repository/postgres.go:268.110,281.2 2 1
github.com/lukcba/club-pulse-system-api/backend/internal/modules/facilities/infrastructure/repository/postgres.go:283.114,285.80 2 1
github.com/lukcba/club-pulse-system-api/backend/internal/modules/facilities/infrastructure/repository/postgres.go:285.80,286.45 1 0
github.com/lukcba/club-pulse-system-api/backend/internal/modules/facilities/infrastructure/repository/postgres.go:286.45,288.4 1 0
github.com/lukcba/club-pulse-system-api/backend/internal/modules/facilities/infrastructure/repository/postgres.go:289.3,289.18 1 0
github.com/lukcba/club-pulse-system-api/backend/internal/modules/facilities/infrastructure/repository/postgres.go:291.2,291.40 1 1
github.com/lukcba/club-pulse-system-api/backend/internal/modules/facilities/infrastructure/repository/postgres.go:294.131,296.103 2 1
github.com/lukcba/club-pulse-system-api/backend/internal/modules/facilities/infrastructure/repository/postgres.go:296.103,298.3 1 0
github.com/lukcba/club-pulse-system-api/backend/internal/modules/facilities/infrastructure/repository/postgres.go:299.2,300.27 2 1
github.com/lukcba/club-pulse-system-api/backend/internal/modules/facilities/infrastructure/repository/postgres.go:300.27,302.3 1 1
github.com/lukcba/club-pulse-system-api/backend/internal/modules/facilities/infrastructure/repository/postgres.go:303.2,303.24 1 1
github.com/lukcba/club-pulse-system-api/backend/internal/modules/facilities/infrastructure/repository/postgres.go:306.110,319.2 2 1
github.com/lukcba/club-pulse-system-api/backend/internal/modules/facilities/infrastructure/repository/postgres.go:321.133,322.67 1 1
github.com/lukcba/club-pulse-system-api/backend/internal/modules/facilities/infrastructure/repository/postgres.go:322.67,328.26 2 1
github.com/lukcba/club-pulse-system-api/backend/internal/modules/facilities/infrastructure/repository/postgres.go:328.26,330.4 1 0
github.com/lukcba/club-pulse-system-api/backend/internal/modules/facilities/infrastructure/repository/postgres.go:331.3,331.31 1 1
github.com/lukcba/club-pulse-system-api/backend/internal/modules/facilities/infrastructure/repository/postgres.go:331.31,333.4 1 0
github.com/lukcba/club-pulse-system-api/backend/internal/modules/facilities/infrastructure/repository/postgres.go:336.3,347.76 2 1
github.com/lukcba/club-pulse-system-api/backend/internal/modules/facilities/infrastructure/repository/postgres.go:347.76,349.4 1 0
github.com/lukcba/club-pulse-system-api/backend/internal/modules/facilities/infrastructure/repository/postgres.go:351.3,351.13 1 1
github.com/lukcba/club-pulse-system-api/backend/internal/modules/facilities/infrastructure/repository/postgres.go:355.92,367.2 1 1
github.com/lukcba/club-pulse-system-api/backend/internal/modules/facilities/infrastructure/repository/postgres.go:370.163,387.16 4 0
github.com/lukcba/club-pulse-system-api/backend/internal/modules/facilities/infrastructure/repository/postgres.go:387.16,389.3 1 0
github.com/lukcba/club-pulse-system-api/backend/internal/modules/facilities/infrastructure/repository/postgres.go:390.2,393.18 3 0
github.com/lukcba/club-pulse-system-api/backend/internal/modules/facilities/infrastructure/repository/postgres.go:393.18,401.17 3 0
github.com/lukcba/club-pulse-system-api/backend/internal/modules/facilities/infrastructure/repository/postgres.go:401.17,403.4 1 0
github.com/lukcba/club-pulse-system-api/backend/internal/modules/facilities/infrastructure/repository/postgres.go:405.3,408.5 1 0
github.com/lukcba/club-pulse-system-api/backend/internal/modules/facilities/infrastructure/repository/postgres.go:411.2,411.21 1 0
github.com/lukcba/club-pulse-system-api/backend/internal/modules/facilities/infrastructure/repository/postgres.go:415.121,422.2 2 0
github.com/lukcba/club-pulse-system-api/backend/internal/modules/facilities/infrastructure/repository/postgres.go:425.53,426.17 1 0
github.com/lukcba/club-pulse-system-api/backend/internal/modules/facilities/infrastructure/repository/postgres.go:426.17,428.3 1 0
github.com/lukcba/club-pulse-system-api/backend/internal/modules/facilities/infrastructure/repository/postgres.go:430.2,431.24 2 0
github.com/lukcba/club-pulse-system-api/backend/internal/modules/facilities/infrastructure/repository/postgres.go:431.24,432.12 1 0
github.com/lukcba/club-pulse-system-api/backend/internal/modules/facilities/infrastructure/repository/postgres.go:432.12,434.4 1 0
github.com/lukcba/club-pulse-system-api/backend/internal/modules/facilities/infrastructure/repository/postgres.go:435.3,435.35 1 0
github.com/lukcba/club-pulse-system-api/backend/internal/modules/facilities/infrastructure/repository/postgres.go:437.2,438.15 2 0
github.com/lukcba/club-pulse-system-api/backend/internal/modules/facilities/infrastructure/repository/postgres.go:442.114,456.85 3 1
github.com/lukcba/club-pulse-system-api/backend/internal/modules/facilities/infrastructure/repository/postgres.go:456.85,458.3 1 0
github.com/lukcba/club-pulse-system-api/backend/internal/modules/facilities/infrastructure/repository/postgres.go:460.2,460.21 1 1
github.com/lukcba/club-pulse-system-api/backend/internal/modules/facilities/infrastructure/repository/postgres_loan.go:16.69,22.2 2 1
github.com/lukcba/club-pulse-system-api/backend/internal/modules/facilities/infrastructure/repository/postgres_loan.go:37.46,39.2 1 1
github.com/lukcba/club-pulse-system-api/backend/internal/modules/facilities/infrastructure/repository/postgres_loan.go:41.96,53.2 2 1
github.com/lukcba/club-pulse-system-api/backend/internal/modules/facilities/infrastructure/repository/postgres_loan.go:55.105,57.80 2 1
github.com/lukcba/club-pulse-system-api/backend/internal/modules/facilities/infrastructure/repository/postgres_loan.go:57.80,58.45 1 0
github.com/lukcba/club-pulse-system-api/backend/internal/modules/facilities/infrastructure/repository/postgres_loan.go:58.45,60.4 1 0
github.com/lukcba/club-pulse-system-api/backend/internal/modules/facilities/infrastructure/repository/postgres_loan.go:61.3,61.18 1 0
github.com/lukcba/club-pulse-system-api/backend/internal/modules/facilities/infrastructure/repository/postgres_loan.go:63.2,63.31 1 1
github.com/lukcba/club-pulse-system-api/backend/internal/modules/facilities/infrastructure/repository/postgres_loan.go:66.114,68.95 2 1
github.com/lukcba/club-pulse-system-api/backend/internal/modules/facilities/infrastructure/repository/postgres_loan.go:68.95,70.3 1 0
github.com/lukcba/club-pulse-system-api/backend/internal/modules/facilities/infrastructure/repository/postgres_loan.go:71.2,72.27 2 1
github.com/lukcba/club-pulse-system-api/backend/internal/modules/facilities/infrastructure/repository/postgres_loan.go:72.27,74.3 1 1
github.com/lukcba/club-pulse-system-api/backend/internal/modules/facilities/infrastructure/repository/postgres_loan.go:75.2,75.19 1 1
github.com/lukcba/club-pulse-system-api/backend/internal/modules/facilities/infrastructure/repository/postgres_loan.go:78.127,80.102 2 1
github.com/lukcba/club-pulse-system-api/backend/internal/modules/facilities/infrastructure/repository/postgres_loan.go:80.102,82.3 1 0
github.com/lukcba/club-pulse-system-api/backend/internal/modules/facilities/infrastructure/repository/postgres_loan.go:83.2,84.27 2 1
github.com/lukcba/club-pulse-system-api/backend/internal/modules/facilities/infrastructure/repository/postgres_loan.go:84.27,86.3 1 1
github.com/lukcba/club-pulse-system-api/backend/internal/modules/facilities/infrastructure/repository/postgres_loan.go:87.2,87.19 1 1
github.com/lukcba/club-pulse-system-api/backend/internal/modules/facilities/infrastructure/repository/postgres_loan.go:90.96,104.2 2 1
github.com/lukcba/club-pulse-system-api/backend/internal/modules/facilities/infrastructure/repository/postgres_loan.go:106.87,119.2 1 1
