mode: atomic
github.com/lukcba/club-pulse-system-api/backend/cmd/migrate/main.go:16.13,20.32 2 0
github.com/lukcba/club-pulse-system-api/backend/cmd/migrate/main.go:20.32,26.3 5 0
github.com/lukcba/club-pulse-system-api/backend/cmd/migrate/main.go:28.2,45.16 5 0
github.com/lukcba/club-pulse-system-api/backend/cmd/migrate/main.go:45.16,47.3 1 0
github.com/lukcba/club-pulse-system-api/backend/cmd/migrate/main.go:49.2,49.38 1 0
github.com/lukcba/club-pulse-system-api/backend/docs/docs.go:441.13,443.2 1 0
github.com/lukcba/club-pulse-system-api/backend/cmd/api/main.go:31.13,33.16 2 0
github.com/lukcba/club-pulse-system-api/backend/cmd/api/main.go:33.16,35.3 1 0
github.com/lukcba/club-pulse-system-api/backend/cmd/api/main.go:37.2,37.11 1 0
github.com/lukcba/club-pulse-system-api/backend/cmd/seeder/main.go:53.38,55.2 1 0
github.com/lukcba/club-pulse-system-api/backend/cmd/seeder/main.go:65.45,67.2 1 0
github.com/lukcba/club-pulse-system-api/backend/cmd/seeder/main.go:79.40,81.2 1 0
github.com/lukcba/club-pulse-system-api/backend/cmd/seeder/main.go:83.13,125.16 8 0
github.com/lukcba/club-pulse-system-api/backend/cmd/seeder/main.go:125.16,128.3 1 0
github.com/lukcba/club-pulse-system-api/backend/cmd/seeder/main.go:129.2,157.16 1 0
github.com/lukcba/club-pulse-system-api/backend/cmd/seeder/main.go:157.16,160.3 1 0
github.com/lukcba/club-pulse-system-api/backend/cmd/seeder/main.go:163.2,171.87 2 0
github.com/lukcba/club-pulse-system-api/backend/cmd/seeder/main.go:171.87,173.3 1 0
github.com/lukcba/club-pulse-system-api/backend/cmd/seeder/main.go:173.8,175.3 1 0
github.com/lukcba/club-pulse-system-api/backend/cmd/seeder/main.go:178.2,190.87 3 0
github.com/lukcba/club-pulse-system-api/backend/cmd/seeder/main.go:190.87,192.3 1 0
github.com/lukcba/club-pulse-system-api/backend/cmd/seeder/main.go:192.8,194.3 1 0
github.com/lukcba/club-pulse-system-api/backend/cmd/seeder/main.go:197.2,208.97 2 0
github.com/lukcba/club-pulse-system-api/backend/cmd/seeder/main.go:208.97,210.3 1 0
github.com/lukcba/club-pulse-system-api/backend/cmd/seeder/main.go:210.8,212.3 1 0
github.com/lukcba/club-pulse-system-api/backend/cmd/seeder/main.go:215.2,233.93 5 0
github.com/lukcba/club-pulse-system-api/backend/cmd/seeder/main.go:233.93,235.3 1 0
github.com/lukcba/club-pulse-system-api/backend/cmd/seeder/main.go:235.8,237.3 1 0
github.com/lukcba/club-pulse-system-api/backend/cmd/seeder/main.go:240.2,248.61 3 0
github.com/lukcba/club-pulse-system-api/backend/cmd/seeder/main.go:248.61,250.3 1 0
github.com/lukcba/club-pulse-system-api/backend/cmd/seeder/main.go:250.8,254.3 2 0
github.com/lukcba/club-pulse-system-api/backend/cmd/seeder/main.go:257.2,265.56 2 0
github.com/lukcba/club-pulse-system-api/backend/cmd/seeder/main.go:265.56,267.3 1 0
github.com/lukcba/club-pulse-system-api/backend/cmd/seeder/main.go:267.8,269.3 1 0
github.com/lukcba/club-pulse-system-api/backend/cmd/seeder/main.go:272.2,338.31 4 0
github.com/lukcba/club-pulse-system-api/backend/cmd/seeder/main.go:338.31,339.72 1 0
github.com/lukcba/club-pulse-system-api/backend/cmd/seeder/main.go:339.72,341.4 1 0
github.com/lukcba/club-pulse-system-api/backend/cmd/seeder/main.go:341.9,343.4 1 0
github.com/lukcba/club-pulse-system-api/backend/cmd/seeder/main.go:347.2,380.26 2 0
github.com/lukcba/club-pulse-system-api/backend/cmd/seeder/main.go:380.26,381.72 1 0
github.com/lukcba/club-pulse-system-api/backend/cmd/seeder/main.go:381.72,383.4 1 0
github.com/lukcba/club-pulse-system-api/backend/cmd/seeder/main.go:383.9,385.4 1 0
github.com/lukcba/club-pulse-system-api/backend/cmd/seeder/main.go:389.2,396.81 2 0
github.com/lukcba/club-pulse-system-api/backend/cmd/seeder/main.go:396.81,398.3 1 0
github.com/lukcba/club-pulse-system-api/backend/cmd/seeder/main.go:400.2,407.81 2 0
github.com/lukcba/club-pulse-system-api/backend/cmd/seeder/main.go:407.81,409.3 1 0
github.com/lukcba/club-pulse-system-api/backend/cmd/seeder/main.go:412.2,442.27 2 0
github.com/lukcba/club-pulse-system-api/backend/cmd/seeder/main.go:442.27,443.72 1 0
github.com/lukcba/club-pulse-system-api/backend/cmd/seeder/main.go:443.72,445.4 1 0
github.com/lukcba/club-pulse-system-api/backend/cmd/seeder/main.go:448.2,451.25 2 0
github.com/lukcba/club-pulse-system-api/backend/cmd/seeder/main.go:451.25,475.33 3 0
github.com/lukcba/club-pulse-system-api/backend/cmd/seeder/main.go:475.33,477.4 1 0
github.com/lukcba/club-pulse-system-api/backend/cmd/seeder/main.go:478.3,478.34 1 0
github.com/lukcba/club-pulse-system-api/backend/cmd/seeder/main.go:482.2,525.29 6 0
github.com/lukcba/club-pulse-system-api/backend/cmd/seeder/main.go:525.29,526.45 1 0
github.com/lukcba/club-pulse-system-api/backend/cmd/seeder/main.go:526.45,528.4 1 0
github.com/lukcba/club-pulse-system-api/backend/cmd/seeder/main.go:530.2,532.55 2 0
github.com/lukcba/club-pulse-system-api/backend/internal/modules/access/application/usecase.go:24.19,30.2 1 0
github.com/lukcba/club-pulse-system-api/backend/internal/modules/access/application/usecase.go:38.121,40.22 1 0
github.com/lukcba/club-pulse-system-api/backend/internal/modules/access/application/usecase.go:40.22,42.3 1 0
github.com/lukcba/club-pulse-system-api/backend/internal/modules/access/application/usecase.go:45.2,46.31 2 0
github.com/lukcba/club-pulse-system-api/backend/internal/modules/access/application/usecase.go:46.31,48.3 1 0
github.com/lukcba/club-pulse-system-api/backend/internal/modules/access/application/usecase.go:51.2,51.50 1 0
github.com/lukcba/club-pulse-system-api/backend/internal/modules/access/application/usecase.go:51.50,54.17 2 0
github.com/lukcba/club-pulse-system-api/backend/internal/modules/access/application/usecase.go:54.17,56.4 1 0
github.com/lukcba/club-pulse-system-api/backend/internal/modules/access/application/usecase.go:58.3,59.17 2 0
github.com/lukcba/club-pulse-system-api/backend/internal/modules/access/application/usecase.go:59.17,61.4 1 0
github.com/lukcba/club-pulse-system-api/backend/internal/modules/access/application/usecase.go:63.3,66.33 3 0
github.com/lukcba/club-pulse-system-api/backend/internal/modules/access/application/usecase.go:66.33,67.59 1 0
github.com/lukcba/club-pulse-system-api/backend/internal/modules/access/application/usecase.go:67.59,69.42 2 0
github.com/lukcba/club-pulse-system-api/backend/internal/modules/access/application/usecase.go:69.42,71.6 1 0
github.com/lukcba/club-pulse-system-api/backend/internal/modules/access/application/usecase.go:75.3,75.17 1 0
github.com/lukcba/club-pulse-system-api/backend/internal/modules/access/application/usecase.go:75.17,77.4 1 0
github.com/lukcba/club-pulse-system-api/backend/internal/modules/access/application/usecase.go:78.3,78.14 1 0
github.com/lukcba/club-pulse-system-api/backend/internal/modules/access/application/usecase.go:78.14,80.4 1 0
github.com/lukcba/club-pulse-system-api/backend/internal/modules/access/application/usecase.go:84.2,84.85 1 0
github.com/lukcba/club-pulse-system-api/backend/internal/modules/access/application/usecase.go:87.161,89.28 2 0
github.com/lukcba/club-pulse-system-api/backend/internal/modules/access/application/usecase.go:89.28,91.3 1 0
github.com/lukcba/club-pulse-system-api/backend/internal/modules/access/application/usecase.go:93.2,105.55 2 0
github.com/lukcba/club-pulse-system-api/backend/internal/modules/access/application/usecase.go:105.55,107.3 1 0
github.com/lukcba/club-pulse-system-api/backend/internal/modules/access/application/usecase.go:108.2,108.17 1 0
github.com/lukcba/club-pulse-system-api/backend/internal/modules/auth/application/usecases.go:20.135,26.2 1 0
github.com/lukcba/club-pulse-system-api/backend/internal/modules/auth/application/usecases.go:41.74,43.43 1 0
github.com/lukcba/club-pulse-system-api/backend/internal/modules/auth/application/usecases.go:43.43,45.3 1 0
github.com/lukcba/club-pulse-system-api/backend/internal/modules/auth/application/usecases.go:48.2,49.21 2 0
github.com/lukcba/club-pulse-system-api/backend/internal/modules/auth/application/usecases.go:49.21,51.3 1 0
github.com/lukcba/club-pulse-system-api/backend/internal/modules/auth/application/usecases.go:54.2,55.16 2 0
github.com/lukcba/club-pulse-system-api/backend/internal/modules/auth/application/usecases.go:55.16,57.3 1 0
github.com/lukcba/club-pulse-system-api/backend/internal/modules/auth/application/usecases.go:60.2,70.47 2 0
github.com/lukcba/club-pulse-system-api/backend/internal/modules/auth/application/usecases.go:70.47,72.3 1 0
github.com/lukcba/club-pulse-system-api/backend/internal/modules/auth/application/usecases.go:75.2,76.16 2 0
github.com/lukcba/club-pulse-system-api/backend/internal/modules/auth/application/usecases.go:76.16,78.3 1 0
github.com/lukcba/club-pulse-system-api/backend/internal/modules/auth/application/usecases.go:81.2,81.73 1 0
github.com/lukcba/club-pulse-system-api/backend/internal/modules/auth/application/usecases.go:81.73,83.3 1 0
github.com/lukcba/club-pulse-system-api/backend/internal/modules/auth/application/usecases.go:85.2,85.19 1 0
github.com/lukcba/club-pulse-system-api/backend/internal/modules/auth/application/usecases.go:88.68,91.31 2 0
github.com/lukcba/club-pulse-system-api/backend/internal/modules/auth/application/usecases.go:91.31,93.3 1 0
github.com/lukcba/club-pulse-system-api/backend/internal/modules/auth/application/usecases.go:96.2,96.99 1 0
github.com/lukcba/club-pulse-system-api/backend/internal/modules/auth/application/usecases.go:96.99,98.3 1 0
github.com/lukcba/club-pulse-system-api/backend/internal/modules/auth/application/usecases.go:101.2,102.16 2 0
github.com/lukcba/club-pulse-system-api/backend/internal/modules/auth/application/usecases.go:102.16,104.3 1 0
github.com/lukcba/club-pulse-system-api/backend/internal/modules/auth/application/usecases.go:107.2,107.73 1 0
github.com/lukcba/club-pulse-system-api/backend/internal/modules/auth/application/usecases.go:107.73,109.3 1 0
github.com/lukcba/club-pulse-system-api/backend/internal/modules/auth/application/usecases.go:112.2,122.19 2 0
github.com/lukcba/club-pulse-system-api/backend/internal/modules/auth/application/usecases.go:125.82,128.16 2 0
github.com/lukcba/club-pulse-system-api/backend/internal/modules/auth/application/usecases.go:128.16,130.3 1 0
github.com/lukcba/club-pulse-system-api/backend/internal/modules/auth/application/usecases.go:131.2,131.24 1 0
github.com/lukcba/club-pulse-system-api/backend/internal/modules/auth/application/usecases.go:131.24,133.3 1 0
github.com/lukcba/club-pulse-system-api/backend/internal/modules/auth/application/usecases.go:136.2,136.27 1 0
github.com/lukcba/club-pulse-system-api/backend/internal/modules/auth/application/usecases.go:136.27,140.3 1 0
github.com/lukcba/club-pulse-system-api/backend/internal/modules/auth/application/usecases.go:141.2,141.46 1 0
github.com/lukcba/club-pulse-system-api/backend/internal/modules/auth/application/usecases.go:141.46,143.3 1 0
github.com/lukcba/club-pulse-system-api/backend/internal/modules/auth/application/usecases.go:146.2,147.16 2 0
github.com/lukcba/club-pulse-system-api/backend/internal/modules/auth/application/usecases.go:147.16,149.3 1 0
github.com/lukcba/club-pulse-system-api/backend/internal/modules/auth/application/usecases.go:150.2,150.17 1 0
github.com/lukcba/club-pulse-system-api/backend/internal/modules/auth/application/usecases.go:150.17,152.3 1 0
github.com/lukcba/club-pulse-system-api/backend/internal/modules/auth/application/usecases.go:155.2,155.67 1 0
github.com/lukcba/club-pulse-system-api/backend/internal/modules/auth/application/usecases.go:155.67,158.3 1 0
github.com/lukcba/club-pulse-system-api/backend/internal/modules/auth/application/usecases.go:161.2,162.16 2 0
github.com/lukcba/club-pulse-system-api/backend/internal/modules/auth/application/usecases.go:162.16,164.3 1 0
github.com/lukcba/club-pulse-system-api/backend/internal/modules/auth/application/usecases.go:167.2,167.73 1 0
github.com/lukcba/club-pulse-system-api/backend/internal/modules/auth/application/usecases.go:167.73,169.3 1 0
github.com/lukcba/club-pulse-system-api/backend/internal/modules/auth/application/usecases.go:171.2,171.19 1 0
github.com/lukcba/club-pulse-system-api/backend/internal/modules/auth/application/usecases.go:174.59,176.38 2 0
github.com/lukcba/club-pulse-system-api/backend/internal/modules/auth/application/usecases.go:176.38,178.3 1 0
github.com/lukcba/club-pulse-system-api/backend/internal/modules/auth/application/usecases.go:179.2,179.51 1 0
github.com/lukcba/club-pulse-system-api/backend/internal/modules/auth/application/usecases.go:182.76,192.2 2 0
github.com/lukcba/club-pulse-system-api/backend/internal/modules/auth/application/usecases.go:194.88,196.2 1 0
github.com/lukcba/club-pulse-system-api/backend/internal/modules/auth/application/usecases.go:198.71,213.2 1 0
github.com/lukcba/club-pulse-system-api/backend/internal/modules/auth/application/usecases.go:215.94,218.16 2 0
github.com/lukcba/club-pulse-system-api/backend/internal/modules/auth/application/usecases.go:218.16,220.3 1 0
github.com/lukcba/club-pulse-system-api/backend/internal/modules/auth/application/usecases.go:223.2,224.16 2 0
github.com/lukcba/club-pulse-system-api/backend/internal/modules/auth/application/usecases.go:224.16,226.3 1 0
github.com/lukcba/club-pulse-system-api/backend/internal/modules/auth/application/usecases.go:228.2,228.17 1 0
github.com/lukcba/club-pulse-system-api/backend/internal/modules/auth/application/usecases.go:228.17,240.48 2 0
github.com/lukcba/club-pulse-system-api/backend/internal/modules/auth/application/usecases.go:240.48,242.4 1 0
github.com/lukcba/club-pulse-system-api/backend/internal/modules/auth/application/usecases.go:243.8,243.32 1 0
github.com/lukcba/club-pulse-system-api/backend/internal/modules/auth/application/usecases.go:243.32,248.48 4 0
github.com/lukcba/club-pulse-system-api/backend/internal/modules/auth/application/usecases.go:248.48,250.4 1 0
github.com/lukcba/club-pulse-system-api/backend/internal/modules/auth/application/usecases.go:254.2,255.16 2 0
github.com/lukcba/club-pulse-system-api/backend/internal/modules/auth/application/usecases.go:255.16,257.3 1 0
github.com/lukcba/club-pulse-system-api/backend/internal/modules/auth/application/usecases.go:260.2,260.73 1 0
github.com/lukcba/club-pulse-system-api/backend/internal/modules/auth/application/usecases.go:260.73,262.3 1 0
github.com/lukcba/club-pulse-system-api/backend/internal/modules/auth/application/usecases.go:264.2,264.19 1 0
github.com/lukcba/club-pulse-system-api/backend/internal/core/errors/errors.go:42.35,44.2 1 0
github.com/lukcba/club-pulse-system-api/backend/internal/core/errors/errors.go:46.51,52.2 1 0
github.com/lukcba/club-pulse-system-api/backend/internal/core/errors/errors.go:54.63,61.2 1 0
github.com/lukcba/club-pulse-system-api/backend/internal/core/errors/errors.go:64.42,66.2 1 0
github.com/lukcba/club-pulse-system-api/backend/internal/core/errors/errors.go:68.45,70.2 1 0
github.com/lukcba/club-pulse-system-api/backend/internal/core/errors/errors.go:72.34,74.2 1 0
github.com/lukcba/club-pulse-system-api/backend/internal/core/errors/errors.go:76.31,78.2 1 0
github.com/lukcba/club-pulse-system-api/backend/internal/core/errors/errors.go:80.44,82.2 1 0
github.com/lukcba/club-pulse-system-api/backend/internal/core/errors/errors.go:84.43,85.11 1 0
github.com/lukcba/club-pulse-system-api/backend/internal/core/errors/errors.go:86.27,87.31 1 0
github.com/lukcba/club-pulse-system-api/backend/internal/core/errors/errors.go:88.25,89.29 1 0
github.com/lukcba/club-pulse-system-api/backend/internal/core/errors/errors.go:90.29,91.33 1 0
github.com/lukcba/club-pulse-system-api/backend/internal/core/errors/errors.go:92.26,93.30 1 0
github.com/lukcba/club-pulse-system-api/backend/internal/core/errors/errors.go:94.25,95.29 1 0
github.com/lukcba/club-pulse-system-api/backend/internal/core/errors/errors.go:96.28,97.36 1 0
github.com/lukcba/club-pulse-system-api/backend/internal/core/errors/errors.go:98.10,99.40 1 0
github.com/lukcba/club-pulse-system-api/backend/internal/bootstrap/app.go:79.29,85.16 4 0
github.com/lukcba/club-pulse-system-api/backend/internal/bootstrap/app.go:85.16,87.3 1 0
github.com/lukcba/club-pulse-system-api/backend/internal/bootstrap/app.go:90.2,112.8 7 0
github.com/lukcba/club-pulse-system-api/backend/internal/bootstrap/app.go:115.23,130.49 9 0
github.com/lukcba/club-pulse-system-api/backend/internal/bootstrap/app.go:130.49,132.3 1 0
github.com/lukcba/club-pulse-system-api/backend/internal/bootstrap/app.go:134.2,134.39 1 0
github.com/lukcba/club-pulse-system-api/backend/internal/bootstrap/app.go:137.101,143.21 4 0
github.com/lukcba/club-pulse-system-api/backend/internal/bootstrap/app.go:143.21,144.41 1 0
github.com/lukcba/club-pulse-system-api/backend/internal/bootstrap/app.go:144.41,146.49 2 0
github.com/lukcba/club-pulse-system-api/backend/internal/bootstrap/app.go:148.3,149.66 2 0
github.com/lukcba/club-pulse-system-api/backend/internal/bootstrap/app.go:151.2,191.51 27 0
github.com/lukcba/club-pulse-system-api/backend/internal/bootstrap/app.go:191.51,194.3 2 0
github.com/lukcba/club-pulse-system-api/backend/internal/bootstrap/app.go:196.2,197.53 2 0
github.com/lukcba/club-pulse-system-api/backend/internal/bootstrap/app.go:197.53,200.3 2 0
github.com/lukcba/club-pulse-system-api/backend/internal/bootstrap/app.go:202.2,264.77 39 0
github.com/lukcba/club-pulse-system-api/backend/internal/bootstrap/app.go:321.64,322.30 1 0
github.com/lukcba/club-pulse-system-api/backend/internal/bootstrap/app.go:322.30,325.64 2 0
github.com/lukcba/club-pulse-system-api/backend/internal/bootstrap/app.go:325.64,327.4 1 0
github.com/lukcba/club-pulse-system-api/backend/internal/bootstrap/app.go:330.3,332.40 3 0
github.com/lukcba/club-pulse-system-api/backend/internal/bootstrap/app.go:332.40,334.4 1 0
github.com/lukcba/club-pulse-system-api/backend/internal/bootstrap/app.go:336.3,337.50 2 0
github.com/lukcba/club-pulse-system-api/backend/internal/bootstrap/app.go:337.50,339.4 1 0
github.com/lukcba/club-pulse-system-api/backend/internal/bootstrap/app.go:341.3,349.5 1 0
github.com/lukcba/club-pulse-system-api/backend/internal/bootstrap/database.go:26.52,44.65 9 0
github.com/lukcba/club-pulse-system-api/backend/internal/bootstrap/database.go:44.65,46.3 1 0
github.com/lukcba/club-pulse-system-api/backend/internal/bootstrap/database.go:47.2,47.71 1 0
github.com/lukcba/club-pulse-system-api/backend/internal/bootstrap/database.go:47.71,49.3 1 0
github.com/lukcba/club-pulse-system-api/backend/internal/bootstrap/database.go:51.2,55.8 1 0
github.com/lukcba/club-pulse-system-api/backend/internal/bootstrap/database.go:58.37,59.25 1 0
github.com/lukcba/club-pulse-system-api/backend/internal/bootstrap/database.go:59.25,61.3 1 0
github.com/lukcba/club-pulse-system-api/backend/internal/bootstrap/database.go:63.2,63.20 1 0
github.com/lukcba/club-pulse-system-api/backend/internal/bootstrap/database.go:63.20,65.3 1 0
github.com/lukcba/club-pulse-system-api/backend/internal/bootstrap/server.go:31.26,34.16 2 0
github.com/lukcba/club-pulse-system-api/backend/internal/bootstrap/server.go:34.16,37.3 1 0
github.com/lukcba/club-pulse-system-api/backend/internal/bootstrap/server.go:40.2,59.46 9 0
github.com/lukcba/club-pulse-system-api/backend/internal/bootstrap/server.go:59.46,75.16 6 0
github.com/lukcba/club-pulse-system-api/backend/internal/bootstrap/server.go:75.16,79.4 3 0
github.com/lukcba/club-pulse-system-api/backend/internal/bootstrap/server.go:79.9,81.41 2 0
github.com/lukcba/club-pulse-system-api/backend/internal/bootstrap/server.go:81.41,85.5 3 0
github.com/lukcba/club-pulse-system-api/backend/internal/bootstrap/server.go:89.3,90.17 2 0
github.com/lukcba/club-pulse-system-api/backend/internal/bootstrap/server.go:90.17,96.4 3 0
github.com/lukcba/club-pulse-system-api/backend/internal/bootstrap/server.go:96.9,97.40 1 0
github.com/lukcba/club-pulse-system-api/backend/internal/bootstrap/server.go:97.40,101.5 3 0
github.com/lukcba/club-pulse-system-api/backend/internal/bootstrap/server.go:104.3,104.29 1 0
github.com/lukcba/club-pulse-system-api/backend/internal/bootstrap/server.go:107.2,110.16 3 0
github.com/lukcba/club-pulse-system-api/backend/internal/bootstrap/server.go:110.16,112.3 1 0
github.com/lukcba/club-pulse-system-api/backend/internal/bootstrap/server.go:114.2,118.3 1 0
github.com/lukcba/club-pulse-system-api/backend/internal/bootstrap/server.go:121.26,127.12 2 0
github.com/lukcba/club-pulse-system-api/backend/internal/bootstrap/server.go:127.12,129.79 2 0
github.com/lukcba/club-pulse-system-api/backend/internal/bootstrap/server.go:129.79,132.4 2 0
github.com/lukcba/club-pulse-system-api/backend/internal/bootstrap/server.go:136.54,140.29 2 0
github.com/lukcba/club-pulse-system-api/backend/internal/bootstrap/server.go:140.29,141.56 1 0
github.com/lukcba/club-pulse-system-api/backend/internal/bootstrap/server.go:141.56,143.4 1 0
github.com/lukcba/club-pulse-system-api/backend/internal/bootstrap/server.go:146.2,146.28 1 0
github.com/lukcba/club-pulse-system-api/backend/internal/modules/access/infrastructure/repository/postgres_access.go:14.73,16.2 1 0
github.com/lukcba/club-pulse-system-api/backend/internal/modules/access/infrastructure/repository/postgres_access.go:18.93,20.2 1 0
github.com/lukcba/club-pulse-system-api/backend/internal/modules/access/infrastructure/repository/postgres_access.go:22.138,30.2 3 0
github.com/lukcba/club-pulse-system-api/backend/internal/modules/attendance/infrastructure/http/handler.go:17.88,21.2 1 0
github.com/lukcba/club-pulse-system-api/backend/internal/modules/attendance/infrastructure/http/handler.go:25.64,31.19 4 0
github.com/lukcba/club-pulse-system-api/backend/internal/modules/attendance/infrastructure/http/handler.go:31.19,33.17 2 0
github.com/lukcba/club-pulse-system-api/backend/internal/modules/attendance/infrastructure/http/handler.go:33.17,36.4 2 0
github.com/lukcba/club-pulse-system-api/backend/internal/modules/attendance/infrastructure/http/handler.go:37.3,37.16 1 0
github.com/lukcba/club-pulse-system-api/backend/internal/modules/attendance/infrastructure/http/handler.go:40.2,41.13 2 0
github.com/lukcba/club-pulse-system-api/backend/internal/modules/attendance/infrastructure/http/handler.go:41.13,44.3 2 0
github.com/lukcba/club-pulse-system-api/backend/internal/modules/attendance/infrastructure/http/handler.go:47.2,49.16 3 0
github.com/lukcba/club-pulse-system-api/backend/internal/modules/attendance/infrastructure/http/handler.go:49.16,53.3 3 0
github.com/lukcba/club-pulse-system-api/backend/internal/modules/attendance/infrastructure/http/handler.go:55.2,55.29 1 0
github.com/lukcba/club-pulse-system-api/backend/internal/modules/attendance/infrastructure/http/handler.go:58.72,61.16 3 0
github.com/lukcba/club-pulse-system-api/backend/internal/modules/attendance/infrastructure/http/handler.go:61.16,64.3 2 0
github.com/lukcba/club-pulse-system-api/backend/internal/modules/attendance/infrastructure/http/handler.go:66.2,71.19 5 0
github.com/lukcba/club-pulse-system-api/backend/internal/modules/attendance/infrastructure/http/handler.go:71.19,73.17 2 0
github.com/lukcba/club-pulse-system-api/backend/internal/modules/attendance/infrastructure/http/handler.go:73.17,75.4 1 0
github.com/lukcba/club-pulse-system-api/backend/internal/modules/attendance/infrastructure/http/handler.go:78.2,79.13 2 0
github.com/lukcba/club-pulse-system-api/backend/internal/modules/attendance/infrastructure/http/handler.go:79.13,82.3 2 0
github.com/lukcba/club-pulse-system-api/backend/internal/modules/attendance/infrastructure/http/handler.go:84.2,86.16 3 0
github.com/lukcba/club-pulse-system-api/backend/internal/modules/attendance/infrastructure/http/handler.go:86.16,89.3 2 0
github.com/lukcba/club-pulse-system-api/backend/internal/modules/attendance/infrastructure/http/handler.go:91.2,91.29 1 0
github.com/lukcba/club-pulse-system-api/backend/internal/modules/attendance/infrastructure/http/handler.go:96.62,99.16 3 0
github.com/lukcba/club-pulse-system-api/backend/internal/modules/attendance/infrastructure/http/handler.go:99.16,102.3 2 0
github.com/lukcba/club-pulse-system-api/backend/internal/modules/attendance/infrastructure/http/handler.go:104.2,105.47 2 0
github.com/lukcba/club-pulse-system-api/backend/internal/modules/attendance/infrastructure/http/handler.go:105.47,108.3 2 0
github.com/lukcba/club-pulse-system-api/backend/internal/modules/attendance/infrastructure/http/handler.go:110.2,111.71 2 0
github.com/lukcba/club-pulse-system-api/backend/internal/modules/attendance/infrastructure/http/handler.go:111.71,114.3 2 0
github.com/lukcba/club-pulse-system-api/backend/internal/modules/attendance/infrastructure/http/handler.go:116.2,116.25 1 0
github.com/lukcba/club-pulse-system-api/backend/internal/modules/attendance/infrastructure/http/handler.go:119.119,122.2 3 0
github.com/lukcba/club-pulse-system-api/backend/internal/modules/attendance/infrastructure/http/handler.go:122.2,126.3 3 0
github.com/lukcba/club-pulse-system-api/backend/internal/modules/access/infrastructure/http/handler.go:14.76,16.2 1 0
github.com/lukcba/club-pulse-system-api/backend/internal/modules/access/infrastructure/http/handler.go:18.55,20.47 2 0
github.com/lukcba/club-pulse-system-api/backend/internal/modules/access/infrastructure/http/handler.go:20.47,23.3 2 0
github.com/lukcba/club-pulse-system-api/backend/internal/modules/access/infrastructure/http/handler.go:25.2,27.16 3 0
github.com/lukcba/club-pulse-system-api/backend/internal/modules/access/infrastructure/http/handler.go:27.16,33.3 2 0
github.com/lukcba/club-pulse-system-api/backend/internal/modules/access/infrastructure/http/handler.go:39.2,40.28 2 0
github.com/lukcba/club-pulse-system-api/backend/internal/modules/access/infrastructure/http/handler.go:40.28,42.3 1 0
github.com/lukcba/club-pulse-system-api/backend/internal/modules/access/infrastructure/http/handler.go:44.2,44.40 1 0
github.com/lukcba/club-pulse-system-api/backend/internal/modules/access/infrastructure/http/handler.go:47.115,50.2 3 0
github.com/lukcba/club-pulse-system-api/backend/internal/modules/access/infrastructure/http/handler.go:50.2,52.3 1 0
github.com/lukcba/club-pulse-system-api/backend/internal/modules/attendance/application/usecases.go:21.172,27.2 1 0
github.com/lukcba/club-pulse-system-api/backend/internal/modules/attendance/application/usecases.go:36.133,38.16 2 0
github.com/lukcba/club-pulse-system-api/backend/internal/modules/attendance/application/usecases.go:38.16,40.3 1 0
github.com/lukcba/club-pulse-system-api/backend/internal/modules/attendance/application/usecases.go:41.2,41.17 1 0
github.com/lukcba/club-pulse-system-api/backend/internal/modules/attendance/application/usecases.go:41.17,43.3 1 0
github.com/lukcba/club-pulse-system-api/backend/internal/modules/attendance/application/usecases.go:46.2,63.34 3 0
github.com/lukcba/club-pulse-system-api/backend/internal/modules/attendance/application/usecases.go:63.34,65.27 2 0
github.com/lukcba/club-pulse-system-api/backend/internal/modules/attendance/application/usecases.go:65.27,72.4 1 0
github.com/lukcba/club-pulse-system-api/backend/internal/modules/attendance/application/usecases.go:73.3,73.28 1 0
github.com/lukcba/club-pulse-system-api/backend/internal/modules/attendance/application/usecases.go:76.2,76.52 1 0
github.com/lukcba/club-pulse-system-api/backend/internal/modules/attendance/application/usecases.go:76.52,78.3 1 0
github.com/lukcba/club-pulse-system-api/backend/internal/modules/attendance/application/usecases.go:81.2,81.38 1 0
github.com/lukcba/club-pulse-system-api/backend/internal/modules/attendance/application/usecases.go:81.38,82.52 1 0
github.com/lukcba/club-pulse-system-api/backend/internal/modules/attendance/application/usecases.go:82.52,84.4 1 0
github.com/lukcba/club-pulse-system-api/backend/internal/modules/attendance/application/usecases.go:87.2,87.21 1 0
github.com/lukcba/club-pulse-system-api/backend/internal/modules/attendance/application/usecases.go:90.195,92.16 2 0
github.com/lukcba/club-pulse-system-api/backend/internal/modules/attendance/application/usecases.go:92.16,94.3 1 0
github.com/lukcba/club-pulse-system-api/backend/internal/modules/attendance/application/usecases.go:95.2,95.17 1 0
github.com/lukcba/club-pulse-system-api/backend/internal/modules/attendance/application/usecases.go:95.17,98.3 2 0
github.com/lukcba/club-pulse-system-api/backend/internal/modules/attendance/application/usecases.go:100.2,113.34 3 0
github.com/lukcba/club-pulse-system-api/backend/internal/modules/attendance/application/usecases.go:113.34,115.27 2 0
github.com/lukcba/club-pulse-system-api/backend/internal/modules/attendance/application/usecases.go:115.27,122.4 1 0
github.com/lukcba/club-pulse-system-api/backend/internal/modules/attendance/application/usecases.go:123.3,123.28 1 0
github.com/lukcba/club-pulse-system-api/backend/internal/modules/attendance/application/usecases.go:126.2,126.52 1 0
github.com/lukcba/club-pulse-system-api/backend/internal/modules/attendance/application/usecases.go:126.52,128.3 1 0
github.com/lukcba/club-pulse-system-api/backend/internal/modules/attendance/application/usecases.go:130.2,130.38 1 0
github.com/lukcba/club-pulse-system-api/backend/internal/modules/attendance/application/usecases.go:130.38,131.52 1 0
github.com/lukcba/club-pulse-system-api/backend/internal/modules/attendance/application/usecases.go:131.52,133.4 1 0
github.com/lukcba/club-pulse-system-api/backend/internal/modules/attendance/application/usecases.go:136.2,137.21 2 0
github.com/lukcba/club-pulse-system-api/backend/internal/modules/attendance/application/usecases.go:140.91,141.30 1 0
github.com/lukcba/club-pulse-system-api/backend/internal/modules/attendance/application/usecases.go:141.30,144.17 3 0
github.com/lukcba/club-pulse-system-api/backend/internal/modules/attendance/application/usecases.go:144.17,146.4 1 0
github.com/lukcba/club-pulse-system-api/backend/internal/modules/attendance/application/usecases.go:149.3,150.17 2 0
github.com/lukcba/club-pulse-system-api/backend/internal/modules/attendance/application/usecases.go:150.17,152.18 2 0
github.com/lukcba/club-pulse-system-api/backend/internal/modules/attendance/application/usecases.go:152.18,153.35 1 0
github.com/lukcba/club-pulse-system-api/backend/internal/modules/attendance/application/usecases.go:153.35,154.56 1 0
github.com/lukcba/club-pulse-system-api/backend/internal/modules/attendance/application/usecases.go:154.56,156.12 2 0
github.com/lukcba/club-pulse-system-api/backend/internal/modules/attendance/application/usecases.go:170.108,172.16 2 0
github.com/lukcba/club-pulse-system-api/backend/internal/modules/attendance/application/usecases.go:172.16,174.3 1 0
github.com/lukcba/club-pulse-system-api/backend/internal/modules/attendance/application/usecases.go:175.2,175.17 1 0
github.com/lukcba/club-pulse-system-api/backend/internal/modules/attendance/application/usecases.go:175.17,177.3 1 0
github.com/lukcba/club-pulse-system-api/backend/internal/modules/attendance/application/usecases.go:179.2,192.33 2 0
github.com/lukcba/club-pulse-system-api/backend/internal/modules/attendance/application/usecases.go:192.33,193.29 1 0
github.com/lukcba/club-pulse-system-api/backend/internal/modules/attendance/application/usecases.go:193.29,195.9 2 0
github.com/lukcba/club-pulse-system-api/backend/internal/modules/attendance/application/usecases.go:200.2,200.37 1 0
github.com/lukcba/club-pulse-system-api/backend/internal/modules/attendance/infrastructure/repository/postgres_attendance.go:16.81,18.2 1 0
github.com/lukcba/club-pulse-system-api/backend/internal/modules/attendance/infrastructure/repository/postgres_attendance.go:35.47,37.2 1 0
github.com/lukcba/club-pulse-system-api/backend/internal/modules/attendance/infrastructure/repository/postgres_attendance.go:47.49,49.2 1 0
github.com/lukcba/club-pulse-system-api/backend/internal/modules/attendance/infrastructure/repository/postgres_attendance.go:51.86,63.2 2 0
github.com/lukcba/club-pulse-system-api/backend/internal/modules/attendance/infrastructure/repository/postgres_attendance.go:65.113,67.106 2 0
github.com/lukcba/club-pulse-system-api/backend/internal/modules/attendance/infrastructure/repository/postgres_attendance.go:67.106,68.45 1 0
github.com/lukcba/club-pulse-system-api/backend/internal/modules/attendance/infrastructure/repository/postgres_attendance.go:68.45,70.4 1 0
github.com/lukcba/club-pulse-system-api/backend/internal/modules/attendance/infrastructure/repository/postgres_attendance.go:71.3,71.18 1 0
github.com/lukcba/club-pulse-system-api/backend/internal/modules/attendance/infrastructure/repository/postgres_attendance.go:73.2,73.35 1 0
github.com/lukcba/club-pulse-system-api/backend/internal/modules/attendance/infrastructure/repository/postgres_attendance.go:76.139,82.142 2 0
github.com/lukcba/club-pulse-system-api/backend/internal/modules/attendance/infrastructure/repository/postgres_attendance.go:82.142,83.45 1 0
github.com/lukcba/club-pulse-system-api/backend/internal/modules/attendance/infrastructure/repository/postgres_attendance.go:83.45,85.4 1 0
github.com/lukcba/club-pulse-system-api/backend/internal/modules/attendance/infrastructure/repository/postgres_attendance.go:89.3,89.18 1 0
github.com/lukcba/club-pulse-system-api/backend/internal/modules/attendance/infrastructure/repository/postgres_attendance.go:91.2,91.35 1 0
github.com/lukcba/club-pulse-system-api/backend/internal/modules/attendance/infrastructure/repository/postgres_attendance.go:94.152,96.151 2 0
github.com/lukcba/club-pulse-system-api/backend/internal/modules/attendance/infrastructure/repository/postgres_attendance.go:96.151,97.45 1 0
github.com/lukcba/club-pulse-system-api/backend/internal/modules/attendance/infrastructure/repository/postgres_attendance.go:97.45,99.4 1 0
github.com/lukcba/club-pulse-system-api/backend/internal/modules/attendance/infrastructure/repository/postgres_attendance.go:100.3,100.18 1 0
github.com/lukcba/club-pulse-system-api/backend/internal/modules/attendance/infrastructure/repository/postgres_attendance.go:102.2,102.35 1 0
github.com/lukcba/club-pulse-system-api/backend/internal/modules/attendance/infrastructure/repository/postgres_attendance.go:105.92,119.2 2 0
github.com/lukcba/club-pulse-system-api/backend/internal/modules/attendance/infrastructure/repository/postgres_attendance.go:121.92,123.2 1 0
github.com/lukcba/club-pulse-system-api/backend/internal/modules/attendance/infrastructure/repository/postgres_attendance.go:125.103,127.36 2 0
github.com/lukcba/club-pulse-system-api/backend/internal/modules/attendance/infrastructure/repository/postgres_attendance.go:127.36,135.3 1 0
github.com/lukcba/club-pulse-system-api/backend/internal/modules/attendance/infrastructure/repository/postgres_attendance.go:136.2,146.3 1 0
github.com/lukcba/club-pulse-system-api/backend/internal/modules/auth/infrastructure/repository/memory.go:14.58,18.2 1 0
github.com/lukcba/club-pulse-system-api/backend/internal/modules/auth/infrastructure/repository/memory.go:20.68,25.2 4 0
github.com/lukcba/club-pulse-system-api/backend/internal/modules/auth/infrastructure/repository/memory.go:27.86,30.44 3 0
github.com/lukcba/club-pulse-system-api/backend/internal/modules/auth/infrastructure/repository/memory.go:30.44,32.3 1 0
github.com/lukcba/club-pulse-system-api/backend/internal/modules/auth/infrastructure/repository/memory.go:33.2,33.17 1 0
github.com/lukcba/club-pulse-system-api/backend/internal/modules/auth/infrastructure/repository/postgres.go:15.69,21.2 2 0
github.com/lukcba/club-pulse-system-api/backend/internal/modules/auth/infrastructure/repository/postgres.go:53.45,56.2 1 0
github.com/lukcba/club-pulse-system-api/backend/internal/modules/auth/infrastructure/repository/postgres.go:70.50,72.2 1 0
github.com/lukcba/club-pulse-system-api/backend/internal/modules/auth/infrastructure/repository/postgres.go:75.37,77.2 1 0
github.com/lukcba/club-pulse-system-api/backend/internal/modules/auth/infrastructure/repository/postgres.go:79.68,96.25 3 0
github.com/lukcba/club-pulse-system-api/backend/internal/modules/auth/infrastructure/repository/postgres.go:96.25,98.3 1 0
github.com/lukcba/club-pulse-system-api/backend/internal/modules/auth/infrastructure/repository/postgres.go:99.2,99.12 1 0
github.com/lukcba/club-pulse-system-api/backend/internal/modules/auth/infrastructure/repository/postgres.go:102.86,105.25 3 0
github.com/lukcba/club-pulse-system-api/backend/internal/modules/auth/infrastructure/repository/postgres.go:105.25,106.54 1 0
github.com/lukcba/club-pulse-system-api/backend/internal/modules/auth/infrastructure/repository/postgres.go:106.54,108.4 1 0
github.com/lukcba/club-pulse-system-api/backend/internal/modules/auth/infrastructure/repository/postgres.go:109.3,109.27 1 0
github.com/lukcba/club-pulse-system-api/backend/internal/modules/auth/infrastructure/repository/postgres.go:112.2,125.8 1 0
github.com/lukcba/club-pulse-system-api/backend/internal/modules/auth/infrastructure/repository/postgres.go:128.80,131.25 3 0
github.com/lukcba/club-pulse-system-api/backend/internal/modules/auth/infrastructure/repository/postgres.go:131.25,132.54 1 0
github.com/lukcba/club-pulse-system-api/backend/internal/modules/auth/infrastructure/repository/postgres.go:132.54,134.4 1 0
github.com/lukcba/club-pulse-system-api/backend/internal/modules/auth/infrastructure/repository/postgres.go:135.3,135.27 1 0
github.com/lukcba/club-pulse-system-api/backend/internal/modules/auth/infrastructure/repository/postgres.go:138.2,149.8 1 0
github.com/lukcba/club-pulse-system-api/backend/internal/modules/auth/infrastructure/repository/postgres.go:152.85,166.25 3 0
github.com/lukcba/club-pulse-system-api/backend/internal/modules/auth/infrastructure/repository/postgres.go:166.25,168.3 1 0
github.com/lukcba/club-pulse-system-api/backend/internal/modules/auth/infrastructure/repository/postgres.go:169.2,169.12 1 0
github.com/lukcba/club-pulse-system-api/backend/internal/modules/auth/infrastructure/repository/postgres.go:172.94,175.25 3 0
github.com/lukcba/club-pulse-system-api/backend/internal/modules/auth/infrastructure/repository/postgres.go:175.25,176.54 1 0
github.com/lukcba/club-pulse-system-api/backend/internal/modules/auth/infrastructure/repository/postgres.go:176.54,178.4 1 0
github.com/lukcba/club-pulse-system-api/backend/internal/modules/auth/infrastructure/repository/postgres.go:179.3,179.27 1 0
github.com/lukcba/club-pulse-system-api/backend/internal/modules/auth/infrastructure/repository/postgres.go:182.2,192.8 1 0
github.com/lukcba/club-pulse-system-api/backend/internal/modules/auth/infrastructure/repository/postgres.go:195.75,204.2 3 0
github.com/lukcba/club-pulse-system-api/backend/internal/modules/auth/infrastructure/repository/postgres.go:206.75,215.2 3 0
github.com/lukcba/club-pulse-system-api/backend/internal/modules/auth/infrastructure/repository/postgres.go:217.97,223.25 3 0
github.com/lukcba/club-pulse-system-api/backend/internal/modules/auth/infrastructure/repository/postgres.go:223.25,225.3 1 0
github.com/lukcba/club-pulse-system-api/backend/internal/modules/auth/infrastructure/repository/postgres.go:227.2,228.27 2 0
github.com/lukcba/club-pulse-system-api/backend/internal/modules/auth/infrastructure/repository/postgres.go:228.27,240.3 1 0
github.com/lukcba/club-pulse-system-api/backend/internal/modules/auth/infrastructure/repository/postgres.go:241.2,241.20 1 0
github.com/lukcba/club-pulse-system-api/backend/internal/modules/auth/infrastructure/repository/postgres.go:244.89,256.2 2 0
github.com/lukcba/club-pulse-system-api/backend/internal/modules/auth/infrastructure/service/google.go:19.52,32.2 1 0
github.com/lukcba/club-pulse-system-api/backend/internal/modules/auth/infrastructure/service/google.go:34.111,36.16 2 0
github.com/lukcba/club-pulse-system-api/backend/internal/modules/auth/infrastructure/service/google.go:36.16,38.3 1 0
github.com/lukcba/club-pulse-system-api/backend/internal/modules/auth/infrastructure/service/google.go:40.2,42.16 3 0
github.com/lukcba/club-pulse-system-api/backend/internal/modules/auth/infrastructure/service/google.go:42.16,44.3 1 0
github.com/lukcba/club-pulse-system-api/backend/internal/modules/auth/infrastructure/service/google.go:45.2,47.38 2 0
github.com/lukcba/club-pulse-system-api/backend/internal/modules/auth/infrastructure/service/google.go:47.38,49.3 1 0
github.com/lukcba/club-pulse-system-api/backend/internal/modules/auth/infrastructure/service/google.go:51.2,52.69 2 0
github.com/lukcba/club-pulse-system-api/backend/internal/modules/auth/infrastructure/service/google.go:52.69,54.3 1 0
github.com/lukcba/club-pulse-system-api/backend/internal/modules/auth/infrastructure/service/google.go:56.2,56.23 1 0
github.com/lukcba/club-pulse-system-api/backend/internal/modules/auth/infrastructure/session/session_store.go:40.65,45.2 1 0
github.com/lukcba/club-pulse-system-api/backend/internal/modules/auth/infrastructure/session/session_store.go:48.42,50.2 1 0
github.com/lukcba/club-pulse-system-api/backend/internal/modules/auth/infrastructure/session/session_store.go:53.44,55.2 1 0
github.com/lukcba/club-pulse-system-api/backend/internal/modules/auth/infrastructure/session/session_store.go:58.115,70.16 3 0
github.com/lukcba/club-pulse-system-api/backend/internal/modules/auth/infrastructure/session/session_store.go:70.16,72.3 1 0
github.com/lukcba/club-pulse-system-api/backend/internal/modules/auth/infrastructure/session/session_store.go:75.2,75.86 1 0
github.com/lukcba/club-pulse-system-api/backend/internal/modules/auth/infrastructure/session/session_store.go:75.86,77.3 1 0
github.com/lukcba/club-pulse-system-api/backend/internal/modules/auth/infrastructure/session/session_store.go:80.2,80.80 1 0
github.com/lukcba/club-pulse-system-api/backend/internal/modules/auth/infrastructure/session/session_store.go:80.80,82.3 1 0
github.com/lukcba/club-pulse-system-api/backend/internal/modules/auth/infrastructure/session/session_store.go:84.2,84.21 1 0
github.com/lukcba/club-pulse-system-api/backend/internal/modules/auth/infrastructure/session/session_store.go:88.95,90.16 2 0
github.com/lukcba/club-pulse-system-api/backend/internal/modules/auth/infrastructure/session/session_store.go:90.16,92.3 1 0
github.com/lukcba/club-pulse-system-api/backend/internal/modules/auth/infrastructure/session/session_store.go:94.2,95.63 2 0
github.com/lukcba/club-pulse-system-api/backend/internal/modules/auth/infrastructure/session/session_store.go:95.63,97.3 1 0
github.com/lukcba/club-pulse-system-api/backend/internal/modules/auth/infrastructure/session/session_store.go:99.2,99.41 1 0
github.com/lukcba/club-pulse-system-api/backend/internal/modules/auth/infrastructure/session/session_store.go:99.41,102.3 2 0
github.com/lukcba/club-pulse-system-api/backend/internal/modules/auth/infrastructure/session/session_store.go:104.2,104.22 1 0
github.com/lukcba/club-pulse-system-api/backend/internal/modules/auth/infrastructure/session/session_store.go:108.81,110.2 1 0
github.com/lukcba/club-pulse-system-api/backend/internal/modules/auth/infrastructure/session/session_store.go:113.88,116.16 2 0
github.com/lukcba/club-pulse-system-api/backend/internal/modules/auth/infrastructure/session/session_store.go:116.16,118.3 1 0
github.com/lukcba/club-pulse-system-api/backend/internal/modules/auth/infrastructure/session/session_store.go:121.2,121.33 1 0
github.com/lukcba/club-pulse-system-api/backend/internal/modules/auth/infrastructure/session/session_store.go:121.33,123.3 1 0
github.com/lukcba/club-pulse-system-api/backend/internal/modules/auth/infrastructure/session/session_store.go:126.2,126.50 1 0
github.com/lukcba/club-pulse-system-api/backend/internal/modules/auth/infrastructure/session/session_store.go:130.101,132.16 2 0
github.com/lukcba/club-pulse-system-api/backend/internal/modules/auth/infrastructure/session/session_store.go:132.16,134.3 1 0
github.com/lukcba/club-pulse-system-api/backend/internal/modules/auth/infrastructure/session/session_store.go:136.2,137.33 2 0
github.com/lukcba/club-pulse-system-api/backend/internal/modules/auth/infrastructure/session/session_store.go:137.33,139.17 2 0
github.com/lukcba/club-pulse-system-api/backend/internal/modules/auth/infrastructure/session/session_store.go:139.17,141.12 1 0
github.com/lukcba/club-pulse-system-api/backend/internal/modules/auth/infrastructure/session/session_store.go:143.3,143.40 1 0
github.com/lukcba/club-pulse-system-api/backend/internal/modules/auth/infrastructure/session/session_store.go:146.2,146.22 1 0
github.com/lukcba/club-pulse-system-api/backend/internal/modules/auth/infrastructure/token/jwt.go:18.47,23.2 1 0
github.com/lukcba/club-pulse-system-api/backend/internal/modules/auth/infrastructure/token/jwt.go:25.78,39.16 5 0
github.com/lukcba/club-pulse-system-api/backend/internal/modules/auth/infrastructure/token/jwt.go:39.16,41.3 1 0
github.com/lukcba/club-pulse-system-api/backend/internal/modules/auth/infrastructure/token/jwt.go:43.2,44.16 2 0
github.com/lukcba/club-pulse-system-api/backend/internal/modules/auth/infrastructure/token/jwt.go:44.16,46.3 1 0
github.com/lukcba/club-pulse-system-api/backend/internal/modules/auth/infrastructure/token/jwt.go:48.2,52.8 1 0
github.com/lukcba/club-pulse-system-api/backend/internal/modules/auth/infrastructure/token/jwt.go:55.78,57.44 2 0
github.com/lukcba/club-pulse-system-api/backend/internal/modules/auth/infrastructure/token/jwt.go:57.44,59.3 1 0
github.com/lukcba/club-pulse-system-api/backend/internal/modules/auth/infrastructure/token/jwt.go:60.2,60.39 1 0
github.com/lukcba/club-pulse-system-api/backend/internal/modules/auth/infrastructure/token/jwt.go:63.73,67.2 1 0
github.com/lukcba/club-pulse-system-api/backend/internal/modules/auth/infrastructure/token/jwt.go:69.84,70.83 1 0
github.com/lukcba/club-pulse-system-api/backend/internal/modules/auth/infrastructure/token/jwt.go:70.83,71.58 1 0
github.com/lukcba/club-pulse-system-api/backend/internal/modules/auth/infrastructure/token/jwt.go:71.58,73.4 1 0
github.com/lukcba/club-pulse-system-api/backend/internal/modules/auth/infrastructure/token/jwt.go:74.3,74.26 1 0
github.com/lukcba/club-pulse-system-api/backend/internal/modules/auth/infrastructure/token/jwt.go:77.2,77.16 1 0
github.com/lukcba/club-pulse-system-api/backend/internal/modules/auth/infrastructure/token/jwt.go:77.16,79.3 1 0
github.com/lukcba/club-pulse-system-api/backend/internal/modules/auth/infrastructure/token/jwt.go:81.2,81.67 1 0
github.com/lukcba/club-pulse-system-api/backend/internal/modules/auth/infrastructure/token/jwt.go:81.67,86.12 4 0
github.com/lukcba/club-pulse-system-api/backend/internal/modules/auth/infrastructure/token/jwt.go:86.12,92.4 1 0
github.com/lukcba/club-pulse-system-api/backend/internal/modules/auth/infrastructure/token/jwt.go:95.2,95.48 1 0
github.com/lukcba/club-pulse-system-api/backend/internal/modules/booking/infrastructure/lock/booking_lock.go:18.36,22.2 1 0
github.com/lukcba/club-pulse-system-api/backend/internal/modules/booking/infrastructure/lock/booking_lock.go:25.62,31.2 1 0
github.com/lukcba/club-pulse-system-api/backend/internal/modules/booking/infrastructure/lock/booking_lock.go:36.145,41.16 3 0
github.com/lukcba/club-pulse-system-api/backend/internal/modules/booking/infrastructure/lock/booking_lock.go:41.16,43.3 1 0
github.com/lukcba/club-pulse-system-api/backend/internal/modules/booking/infrastructure/lock/booking_lock.go:45.2,45.22 1 0
github.com/lukcba/club-pulse-system-api/backend/internal/modules/booking/infrastructure/lock/booking_lock.go:49.103,52.2 2 0
github.com/lukcba/club-pulse-system-api/backend/internal/modules/booking/infrastructure/lock/booking_lock.go:55.108,58.2 2 0
github.com/lukcba/club-pulse-system-api/backend/internal/modules/booking/infrastructure/lock/booking_lock.go:61.115,64.16 3 0
github.com/lukcba/club-pulse-system-api/backend/internal/modules/booking/infrastructure/lock/booking_lock.go:64.16,67.3 1 0
github.com/lukcba/club-pulse-system-api/backend/internal/modules/booking/infrastructure/lock/booking_lock.go:68.2,68.20 1 0
github.com/lukcba/club-pulse-system-api/backend/internal/modules/booking/infrastructure/lock/booking_lock.go:72.131,75.2 2 0
github.com/lukcba/club-pulse-system-api/backend/internal/modules/booking/domain/booking.go:41.53,42.14 1 0
github.com/lukcba/club-pulse-system-api/backend/internal/modules/booking/domain/booking.go:42.14,44.3 1 0
github.com/lukcba/club-pulse-system-api/backend/internal/modules/booking/domain/booking.go:45.2,46.16 2 0
github.com/lukcba/club-pulse-system-api/backend/internal/modules/booking/domain/booking.go:46.16,48.3 1 0
github.com/lukcba/club-pulse-system-api/backend/internal/modules/booking/domain/booking.go:49.2,49.23 1 0
github.com/lukcba/club-pulse-system-api/backend/internal/modules/booking/domain/booking.go:52.54,54.9 2 0
github.com/lukcba/club-pulse-system-api/backend/internal/modules/booking/domain/booking.go:54.9,56.3 1 0
github.com/lukcba/club-pulse-system-api/backend/internal/modules/booking/domain/booking.go:57.2,57.29 1 0
github.com/lukcba/club-pulse-system-api/backend/internal/modules/booking/infrastructure/http/handler.go:18.79,22.2 1 0
github.com/lukcba/club-pulse-system-api/backend/internal/modules/booking/infrastructure/http/handler.go:24.49,26.13 2 0
github.com/lukcba/club-pulse-system-api/backend/internal/modules/booking/infrastructure/http/handler.go:26.13,29.3 2 0
github.com/lukcba/club-pulse-system-api/backend/internal/modules/booking/infrastructure/http/handler.go:31.2,32.47 2 0
github.com/lukcba/club-pulse-system-api/backend/internal/modules/booking/infrastructure/http/handler.go:32.47,35.3 2 0
github.com/lukcba/club-pulse-system-api/backend/internal/modules/booking/infrastructure/http/handler.go:38.2,42.16 4 0
github.com/lukcba/club-pulse-system-api/backend/internal/modules/booking/infrastructure/http/handler.go:42.16,45.97 1 0
github.com/lukcba/club-pulse-system-api/backend/internal/modules/booking/infrastructure/http/handler.go:45.97,48.4 2 0
github.com/lukcba/club-pulse-system-api/backend/internal/modules/booking/infrastructure/http/handler.go:49.3,50.9 2 0
github.com/lukcba/club-pulse-system-api/backend/internal/modules/booking/infrastructure/http/handler.go:56.2,60.37 4 0
github.com/lukcba/club-pulse-system-api/backend/internal/modules/booking/infrastructure/http/handler.go:63.47,65.13 2 0
github.com/lukcba/club-pulse-system-api/backend/internal/modules/booking/infrastructure/http/handler.go:65.13,68.3 2 0
github.com/lukcba/club-pulse-system-api/backend/internal/modules/booking/infrastructure/http/handler.go:72.2,74.16 3 0
github.com/lukcba/club-pulse-system-api/backend/internal/modules/booking/infrastructure/http/handler.go:74.16,77.3 2 0
github.com/lukcba/club-pulse-system-api/backend/internal/modules/booking/infrastructure/http/handler.go:79.2,79.48 1 0
github.com/lukcba/club-pulse-system-api/backend/internal/modules/booking/infrastructure/http/handler.go:88.50,91.59 2 0
github.com/lukcba/club-pulse-system-api/backend/internal/modules/booking/infrastructure/http/handler.go:91.59,94.3 2 0
github.com/lukcba/club-pulse-system-api/backend/internal/modules/booking/infrastructure/http/handler.go:96.2,101.47 4 0
github.com/lukcba/club-pulse-system-api/backend/internal/modules/booking/infrastructure/http/handler.go:101.47,102.62 1 0
github.com/lukcba/club-pulse-system-api/backend/internal/modules/booking/infrastructure/http/handler.go:102.62,104.4 1 0
github.com/lukcba/club-pulse-system-api/backend/internal/modules/booking/infrastructure/http/handler.go:106.2,106.41 1 0
github.com/lukcba/club-pulse-system-api/backend/internal/modules/booking/infrastructure/http/handler.go:106.41,107.60 1 0
github.com/lukcba/club-pulse-system-api/backend/internal/modules/booking/infrastructure/http/handler.go:107.60,114.4 1 0
github.com/lukcba/club-pulse-system-api/backend/internal/modules/booking/infrastructure/http/handler.go:117.2,118.16 2 0
github.com/lukcba/club-pulse-system-api/backend/internal/modules/booking/infrastructure/http/handler.go:118.16,121.3 2 0
github.com/lukcba/club-pulse-system-api/backend/internal/modules/booking/infrastructure/http/handler.go:123.2,123.48 1 0
github.com/lukcba/club-pulse-system-api/backend/internal/modules/booking/infrastructure/http/handler.go:126.49,128.13 2 0
github.com/lukcba/club-pulse-system-api/backend/internal/modules/booking/infrastructure/http/handler.go:128.13,131.3 2 0
github.com/lukcba/club-pulse-system-api/backend/internal/modules/booking/infrastructure/http/handler.go:133.2,134.21 2 0
github.com/lukcba/club-pulse-system-api/backend/internal/modules/booking/infrastructure/http/handler.go:134.21,137.3 2 0
github.com/lukcba/club-pulse-system-api/backend/internal/modules/booking/infrastructure/http/handler.go:139.2,140.85 2 0
github.com/lukcba/club-pulse-system-api/backend/internal/modules/booking/infrastructure/http/handler.go:140.85,143.3 2 0
github.com/lukcba/club-pulse-system-api/backend/internal/modules/booking/infrastructure/http/handler.go:145.2,145.62 1 0
github.com/lukcba/club-pulse-system-api/backend/internal/modules/booking/infrastructure/http/handler.go:148.58,153.39 3 0
github.com/lukcba/club-pulse-system-api/backend/internal/modules/booking/infrastructure/http/handler.go:153.39,156.3 2 0
github.com/lukcba/club-pulse-system-api/backend/internal/modules/booking/infrastructure/http/handler.go:158.2,164.32 5 0
github.com/lukcba/club-pulse-system-api/backend/internal/modules/booking/infrastructure/http/handler.go:164.32,169.3 4 0
github.com/lukcba/club-pulse-system-api/backend/internal/modules/booking/infrastructure/http/handler.go:171.2,172.16 2 0
github.com/lukcba/club-pulse-system-api/backend/internal/modules/booking/infrastructure/http/handler.go:172.16,175.3 2 0
github.com/lukcba/club-pulse-system-api/backend/internal/modules/booking/infrastructure/http/handler.go:178.2,179.16 2 0
github.com/lukcba/club-pulse-system-api/backend/internal/modules/booking/infrastructure/http/handler.go:179.16,182.3 2 0
github.com/lukcba/club-pulse-system-api/backend/internal/modules/booking/infrastructure/http/handler.go:185.2,190.29 5 0
github.com/lukcba/club-pulse-system-api/backend/internal/modules/booking/infrastructure/http/handler.go:193.62,198.47 2 0
github.com/lukcba/club-pulse-system-api/backend/internal/modules/booking/infrastructure/http/handler.go:198.47,201.3 2 0
github.com/lukcba/club-pulse-system-api/backend/internal/modules/booking/infrastructure/http/handler.go:203.2,205.16 3 0
github.com/lukcba/club-pulse-system-api/backend/internal/modules/booking/infrastructure/http/handler.go:205.16,208.3 2 0
github.com/lukcba/club-pulse-system-api/backend/internal/modules/booking/infrastructure/http/handler.go:210.2,210.34 1 0
github.com/lukcba/club-pulse-system-api/backend/internal/modules/booking/infrastructure/http/handler.go:213.59,219.72 2 0
github.com/lukcba/club-pulse-system-api/backend/internal/modules/booking/infrastructure/http/handler.go:219.72,222.3 2 0
github.com/lukcba/club-pulse-system-api/backend/internal/modules/booking/infrastructure/http/handler.go:224.2,224.76 1 0
github.com/lukcba/club-pulse-system-api/backend/internal/modules/booking/infrastructure/http/handler.go:227.55,229.47 2 0
github.com/lukcba/club-pulse-system-api/backend/internal/modules/booking/infrastructure/http/handler.go:229.47,232.3 2 0
github.com/lukcba/club-pulse-system-api/backend/internal/modules/booking/infrastructure/http/handler.go:234.2,237.12 3 0
github.com/lukcba/club-pulse-system-api/backend/internal/modules/booking/infrastructure/http/handler.go:237.12,239.3 1 0
github.com/lukcba/club-pulse-system-api/backend/internal/modules/booking/infrastructure/http/handler.go:241.2,242.16 2 0
github.com/lukcba/club-pulse-system-api/backend/internal/modules/booking/infrastructure/http/handler.go:242.16,245.3 2 0
github.com/lukcba/club-pulse-system-api/backend/internal/modules/booking/infrastructure/http/handler.go:247.2,247.35 1 0
github.com/lukcba/club-pulse-system-api/backend/internal/modules/booking/infrastructure/http/handler.go:250.116,253.2 3 0
github.com/lukcba/club-pulse-system-api/backend/internal/modules/booking/infrastructure/http/handler.go:253.2,262.3 8 0
github.com/lukcba/club-pulse-system-api/backend/internal/modules/booking/infrastructure/cache/reservation_lock.go:31.61,36.2 1 0
github.com/lukcba/club-pulse-system-api/backend/internal/modules/booking/infrastructure/cache/reservation_lock.go:39.62,41.2 1 0
github.com/lukcba/club-pulse-system-api/backend/internal/modules/booking/infrastructure/cache/reservation_lock.go:45.121,51.16 4 0
github.com/lukcba/club-pulse-system-api/backend/internal/modules/booking/infrastructure/cache/reservation_lock.go:51.16,53.3 1 0
github.com/lukcba/club-pulse-system-api/backend/internal/modules/booking/infrastructure/cache/reservation_lock.go:55.2,55.15 1 0
github.com/lukcba/club-pulse-system-api/backend/internal/modules/booking/infrastructure/cache/reservation_lock.go:55.15,57.3 1 0
github.com/lukcba/club-pulse-system-api/backend/internal/modules/booking/infrastructure/cache/reservation_lock.go:60.2,65.20 4 0
github.com/lukcba/club-pulse-system-api/backend/internal/modules/booking/infrastructure/cache/reservation_lock.go:69.103,72.2 2 0
github.com/lukcba/club-pulse-system-api/backend/internal/modules/booking/infrastructure/cache/reservation_lock.go:75.115,80.16 3 0
github.com/lukcba/club-pulse-system-api/backend/internal/modules/booking/infrastructure/cache/reservation_lock.go:80.16,82.3 1 0
github.com/lukcba/club-pulse-system-api/backend/internal/modules/booking/infrastructure/cache/reservation_lock.go:85.2,85.27 1 0
github.com/lukcba/club-pulse-system-api/backend/internal/modules/booking/infrastructure/cache/reservation_lock.go:85.27,87.3 1 0
github.com/lukcba/club-pulse-system-api/backend/internal/modules/booking/infrastructure/cache/reservation_lock.go:90.2,90.46 1 0
github.com/lukcba/club-pulse-system-api/backend/internal/modules/booking/infrastructure/cache/reservation_lock.go:90.46,92.3 1 0
github.com/lukcba/club-pulse-system-api/backend/internal/modules/booking/infrastructure/cache/reservation_lock.go:95.2,98.12 3 0
github.com/lukcba/club-pulse-system-api/backend/internal/modules/booking/infrastructure/cache/reservation_lock.go:102.112,105.16 3 0
github.com/lukcba/club-pulse-system-api/backend/internal/modules/booking/infrastructure/cache/reservation_lock.go:105.16,108.3 1 0
github.com/lukcba/club-pulse-system-api/backend/internal/modules/booking/infrastructure/cache/reservation_lock.go:109.2,109.20 1 0
github.com/lukcba/club-pulse-system-api/backend/internal/modules/booking/infrastructure/cache/reservation_lock.go:113.114,118.16 3 0
github.com/lukcba/club-pulse-system-api/backend/internal/modules/booking/infrastructure/cache/reservation_lock.go:118.16,120.3 1 0
github.com/lukcba/club-pulse-system-api/backend/internal/modules/booking/infrastructure/cache/reservation_lock.go:123.2,123.27 1 0
github.com/lukcba/club-pulse-system-api/backend/internal/modules/booking/infrastructure/cache/reservation_lock.go:123.27,125.3 1 0
github.com/lukcba/club-pulse-system-api/backend/internal/modules/booking/infrastructure/cache/reservation_lock.go:128.2,128.40 1 0
github.com/lukcba/club-pulse-system-api/backend/internal/modules/booking/infrastructure/repository/postgres.go:16.73,19.2 2 0
github.com/lukcba/club-pulse-system-api/backend/internal/modules/booking/infrastructure/repository/postgres.go:21.75,23.2 1 0
github.com/lukcba/club-pulse-system-api/backend/internal/modules/booking/infrastructure/repository/postgres.go:25.99,27.89 2 0
github.com/lukcba/club-pulse-system-api/backend/internal/modules/booking/infrastructure/repository/postgres.go:27.89,28.36 1 0
github.com/lukcba/club-pulse-system-api/backend/internal/modules/booking/infrastructure/repository/postgres.go:28.36,30.4 1 0
github.com/lukcba/club-pulse-system-api/backend/internal/modules/booking/infrastructure/repository/postgres.go:31.3,31.18 1 0
github.com/lukcba/club-pulse-system-api/backend/internal/modules/booking/infrastructure/repository/postgres.go:33.2,33.22 1 0
github.com/lukcba/club-pulse-system-api/backend/internal/modules/booking/infrastructure/repository/postgres.go:36.114,40.33 3 0
github.com/lukcba/club-pulse-system-api/backend/internal/modules/booking/infrastructure/repository/postgres.go:40.33,42.3 1 0
github.com/lukcba/club-pulse-system-api/backend/internal/modules/booking/infrastructure/repository/postgres.go:44.2,46.52 2 0
github.com/lukcba/club-pulse-system-api/backend/internal/modules/booking/infrastructure/repository/postgres.go:46.52,48.3 1 0
github.com/lukcba/club-pulse-system-api/backend/internal/modules/booking/infrastructure/repository/postgres.go:49.2,49.22 1 0
github.com/lukcba/club-pulse-system-api/backend/internal/modules/booking/infrastructure/repository/postgres.go:52.75,54.2 1 0
github.com/lukcba/club-pulse-system-api/backend/internal/modules/booking/infrastructure/repository/postgres.go:56.126,68.16 3 0
github.com/lukcba/club-pulse-system-api/backend/internal/modules/booking/infrastructure/repository/postgres.go:68.16,70.3 1 0
github.com/lukcba/club-pulse-system-api/backend/internal/modules/booking/infrastructure/repository/postgres.go:71.2,71.23 1 0
github.com/lukcba/club-pulse-system-api/backend/internal/modules/booking/infrastructure/repository/postgres.go:74.138,92.2 5 0
github.com/lukcba/club-pulse-system-api/backend/internal/modules/booking/infrastructure/repository/postgres.go:94.138,98.33 3 0
github.com/lukcba/club-pulse-system-api/backend/internal/modules/booking/infrastructure/repository/postgres.go:98.33,100.3 1 0
github.com/lukcba/club-pulse-system-api/backend/internal/modules/booking/infrastructure/repository/postgres.go:102.2,102.17 1 0
github.com/lukcba/club-pulse-system-api/backend/internal/modules/booking/infrastructure/repository/postgres.go:102.17,104.3 1 0
github.com/lukcba/club-pulse-system-api/backend/internal/modules/booking/infrastructure/repository/postgres.go:105.2,105.15 1 0
github.com/lukcba/club-pulse-system-api/backend/internal/modules/booking/infrastructure/repository/postgres.go:105.15,107.3 1 0
github.com/lukcba/club-pulse-system-api/backend/internal/modules/booking/infrastructure/repository/postgres.go:109.2,111.52 2 0
github.com/lukcba/club-pulse-system-api/backend/internal/modules/booking/infrastructure/repository/postgres.go:111.52,113.3 1 0
github.com/lukcba/club-pulse-system-api/backend/internal/modules/booking/infrastructure/repository/postgres.go:114.2,114.22 1 0
github.com/lukcba/club-pulse-system-api/backend/internal/modules/booking/infrastructure/repository/postgres.go:117.102,119.2 1 0
github.com/lukcba/club-pulse-system-api/backend/internal/modules/booking/infrastructure/repository/postgres.go:121.151,131.16 3 0
github.com/lukcba/club-pulse-system-api/backend/internal/modules/booking/infrastructure/repository/postgres.go:131.16,132.36 1 0
github.com/lukcba/club-pulse-system-api/backend/internal/modules/booking/infrastructure/repository/postgres.go:132.36,134.4 1 0
github.com/lukcba/club-pulse-system-api/backend/internal/modules/booking/infrastructure/repository/postgres.go:135.3,135.18 1 0
github.com/lukcba/club-pulse-system-api/backend/internal/modules/booking/infrastructure/repository/postgres.go:137.2,137.20 1 0
github.com/lukcba/club-pulse-system-api/backend/internal/modules/booking/infrastructure/repository/postgres_recurring.go:16.79,18.2 1 0
github.com/lukcba/club-pulse-system-api/backend/internal/modules/booking/infrastructure/repository/postgres_recurring.go:20.101,22.2 1 0
github.com/lukcba/club-pulse-system-api/backend/internal/modules/booking/infrastructure/repository/postgres_recurring.go:24.143,30.2 3 0
github.com/lukcba/club-pulse-system-api/backend/internal/modules/booking/infrastructure/repository/postgres_recurring.go:33.120,40.2 4 0
github.com/lukcba/club-pulse-system-api/backend/internal/modules/booking/infrastructure/repository/postgres_recurring.go:42.102,44.2 1 0
github.com/lukcba/club-pulse-system-api/backend/internal/modules/championship/application/usecases.go:26.144,32.2 1 0
github.com/lukcba/club-pulse-system-api/backend/internal/modules/championship/application/usecases.go:42.107,53.61 2 0
github.com/lukcba/club-pulse-system-api/backend/internal/modules/championship/application/usecases.go:53.61,55.3 1 0
github.com/lukcba/club-pulse-system-api/backend/internal/modules/championship/application/usecases.go:57.2,57.24 1 0
github.com/lukcba/club-pulse-system-api/backend/internal/modules/championship/application/usecases.go:60.93,62.2 1 0
github.com/lukcba/club-pulse-system-api/backend/internal/modules/championship/application/usecases.go:64.89,66.2 1 0
github.com/lukcba/club-pulse-system-api/backend/internal/modules/championship/application/usecases.go:68.101,70.2 1 0
github.com/lukcba/club-pulse-system-api/backend/internal/modules/championship/application/usecases.go:79.117,89.51 2 0
github.com/lukcba/club-pulse-system-api/backend/internal/modules/championship/application/usecases.go:89.51,91.3 1 0
github.com/lukcba/club-pulse-system-api/backend/internal/modules/championship/application/usecases.go:92.2,92.19 1 0
github.com/lukcba/club-pulse-system-api/backend/internal/modules/championship/application/usecases.go:100.102,106.51 2 0
github.com/lukcba/club-pulse-system-api/backend/internal/modules/championship/application/usecases.go:106.51,108.3 1 0
github.com/lukcba/club-pulse-system-api/backend/internal/modules/championship/application/usecases.go:109.2,109.19 1 0
github.com/lukcba/club-pulse-system-api/backend/internal/modules/championship/application/usecases.go:116.113,125.55 2 0
github.com/lukcba/club-pulse-system-api/backend/internal/modules/championship/application/usecases.go:125.55,127.3 1 0
github.com/lukcba/club-pulse-system-api/backend/internal/modules/championship/application/usecases.go:128.2,128.22 1 0
github.com/lukcba/club-pulse-system-api/backend/internal/modules/championship/application/usecases.go:131.104,134.16 2 0
github.com/lukcba/club-pulse-system-api/backend/internal/modules/championship/application/usecases.go:134.16,136.3 1 0
github.com/lukcba/club-pulse-system-api/backend/internal/modules/championship/application/usecases.go:138.2,139.30 2 0
github.com/lukcba/club-pulse-system-api/backend/internal/modules/championship/application/usecases.go:139.30,141.3 1 0
github.com/lukcba/club-pulse-system-api/backend/internal/modules/championship/application/usecases.go:143.2,143.22 1 0
github.com/lukcba/club-pulse-system-api/backend/internal/modules/championship/application/usecases.go:143.22,145.3 1 0
github.com/lukcba/club-pulse-system-api/backend/internal/modules/championship/application/usecases.go:147.2,156.16 3 0
github.com/lukcba/club-pulse-system-api/backend/internal/modules/championship/application/usecases.go:156.16,158.3 1 0
github.com/lukcba/club-pulse-system-api/backend/internal/modules/championship/application/usecases.go:160.2,161.16 2 0
github.com/lukcba/club-pulse-system-api/backend/internal/modules/championship/application/usecases.go:161.16,163.3 1 0
github.com/lukcba/club-pulse-system-api/backend/internal/modules/championship/application/usecases.go:165.2,166.25 2 0
github.com/lukcba/club-pulse-system-api/backend/internal/modules/championship/application/usecases.go:166.25,167.30 1 0
github.com/lukcba/club-pulse-system-api/backend/internal/modules/championship/application/usecases.go:167.30,180.4 3 0
github.com/lukcba/club-pulse-system-api/backend/internal/modules/championship/application/usecases.go:183.2,183.28 1 0
github.com/lukcba/club-pulse-system-api/backend/internal/modules/championship/application/usecases.go:183.28,185.49 1 0
github.com/lukcba/club-pulse-system-api/backend/internal/modules/championship/application/usecases.go:185.49,187.4 1 0
github.com/lukcba/club-pulse-system-api/backend/internal/modules/championship/application/usecases.go:190.2,190.21 1 0
github.com/lukcba/club-pulse-system-api/backend/internal/modules/championship/application/usecases.go:199.87,200.99 1 0
github.com/lukcba/club-pulse-system-api/backend/internal/modules/championship/application/usecases.go:200.99,202.3 1 0
github.com/lukcba/club-pulse-system-api/backend/internal/modules/championship/application/usecases.go:206.2,207.16 2 0
github.com/lukcba/club-pulse-system-api/backend/internal/modules/championship/application/usecases.go:207.16,209.3 1 0
github.com/lukcba/club-pulse-system-api/backend/internal/modules/championship/application/usecases.go:215.2,215.27 1 0
github.com/lukcba/club-pulse-system-api/backend/internal/modules/championship/application/usecases.go:215.27,217.17 2 0
github.com/lukcba/club-pulse-system-api/backend/internal/modules/championship/application/usecases.go:217.17,227.39 6 0
github.com/lukcba/club-pulse-system-api/backend/internal/modules/championship/application/usecases.go:227.39,229.5 1 0
github.com/lukcba/club-pulse-system-api/backend/internal/modules/championship/application/usecases.go:232.4,233.39 2 0
github.com/lukcba/club-pulse-system-api/backend/internal/modules/championship/application/usecases.go:233.39,235.5 1 0
github.com/lukcba/club-pulse-system-api/backend/internal/modules/championship/application/usecases.go:239.2,239.26 1 0
github.com/lukcba/club-pulse-system-api/backend/internal/modules/championship/application/usecases.go:239.26,241.3 1 0
github.com/lukcba/club-pulse-system-api/backend/internal/modules/championship/application/usecases.go:243.2,243.56 1 0
github.com/lukcba/club-pulse-system-api/backend/internal/modules/championship/application/usecases.go:246.76,248.16 2 0
github.com/lukcba/club-pulse-system-api/backend/internal/modules/championship/application/usecases.go:248.16,250.3 1 0
github.com/lukcba/club-pulse-system-api/backend/internal/modules/championship/application/usecases.go:252.2,253.16 2 0
github.com/lukcba/club-pulse-system-api/backend/internal/modules/championship/application/usecases.go:253.16,255.3 1 0
github.com/lukcba/club-pulse-system-api/backend/internal/modules/championship/application/usecases.go:257.2,258.27 2 0
github.com/lukcba/club-pulse-system-api/backend/internal/modules/championship/application/usecases.go:258.27,269.3 10 0
github.com/lukcba/club-pulse-system-api/backend/internal/modules/championship/application/usecases.go:271.2,271.28 1 0
github.com/lukcba/club-pulse-system-api/backend/internal/modules/championship/application/usecases.go:271.28,272.40 1 0
github.com/lukcba/club-pulse-system-api/backend/internal/modules/championship/application/usecases.go:272.40,273.12 1 0
github.com/lukcba/club-pulse-system-api/backend/internal/modules/championship/application/usecases.go:275.3,275.47 1 0
github.com/lukcba/club-pulse-system-api/backend/internal/modules/championship/application/usecases.go:275.47,276.12 1 0
github.com/lukcba/club-pulse-system-api/backend/internal/modules/championship/application/usecases.go:279.3,282.17 3 0
github.com/lukcba/club-pulse-system-api/backend/internal/modules/championship/application/usecases.go:282.17,296.29 11 0
github.com/lukcba/club-pulse-system-api/backend/internal/modules/championship/application/usecases.go:296.29,300.5 3 0
github.com/lukcba/club-pulse-system-api/backend/internal/modules/championship/application/usecases.go:300.10,300.36 1 0
github.com/lukcba/club-pulse-system-api/backend/internal/modules/championship/application/usecases.go:300.36,304.5 3 0
github.com/lukcba/club-pulse-system-api/backend/internal/modules/championship/application/usecases.go:304.10,309.5 4 0
github.com/lukcba/club-pulse-system-api/backend/internal/modules/championship/application/usecases.go:313.2,313.26 1 0
github.com/lukcba/club-pulse-system-api/backend/internal/modules/championship/application/usecases.go:313.26,315.3 1 0
github.com/lukcba/club-pulse-system-api/backend/internal/modules/championship/application/usecases.go:317.2,317.12 1 0
github.com/lukcba/club-pulse-system-api/backend/internal/modules/championship/application/usecases.go:328.79,332.16 3 0
github.com/lukcba/club-pulse-system-api/backend/internal/modules/championship/application/usecases.go:332.16,334.3 1 0
github.com/lukcba/club-pulse-system-api/backend/internal/modules/championship/application/usecases.go:337.2,337.82 1 0
github.com/lukcba/club-pulse-system-api/backend/internal/modules/championship/infrastructure/repository/postgres.go:16.85,18.2 1 0
github.com/lukcba/club-pulse-system-api/backend/internal/modules/championship/infrastructure/repository/postgres.go:20.96,22.2 1 0
github.com/lukcba/club-pulse-system-api/backend/internal/modules/championship/infrastructure/repository/postgres.go:24.95,26.93 2 0
github.com/lukcba/club-pulse-system-api/backend/internal/modules/championship/infrastructure/repository/postgres.go:26.93,28.3 1 0
github.com/lukcba/club-pulse-system-api/backend/internal/modules/championship/infrastructure/repository/postgres.go:29.2,29.25 1 0
github.com/lukcba/club-pulse-system-api/backend/internal/modules/championship/infrastructure/repository/postgres.go:32.102,34.108 2 0
github.com/lukcba/club-pulse-system-api/backend/internal/modules/championship/infrastructure/repository/postgres.go:34.108,36.3 1 0
github.com/lukcba/club-pulse-system-api/backend/internal/modules/championship/infrastructure/repository/postgres.go:37.2,37.25 1 0
github.com/lukcba/club-pulse-system-api/backend/internal/modules/championship/infrastructure/repository/postgres.go:40.91,42.2 1 0
github.com/lukcba/club-pulse-system-api/backend/internal/modules/championship/infrastructure/repository/postgres.go:44.95,48.2 3 0
github.com/lukcba/club-pulse-system-api/backend/internal/modules/championship/infrastructure/repository/postgres.go:50.81,52.2 1 0
github.com/lukcba/club-pulse-system-api/backend/internal/modules/championship/infrastructure/repository/postgres.go:54.85,59.2 3 0
github.com/lukcba/club-pulse-system-api/backend/internal/modules/championship/infrastructure/repository/postgres.go:61.91,63.2 1 0
github.com/lukcba/club-pulse-system-api/backend/internal/modules/championship/infrastructure/repository/postgres.go:65.95,69.2 3 0
github.com/lukcba/club-pulse-system-api/backend/internal/modules/championship/infrastructure/repository/postgres.go:71.110,82.2 3 0
github.com/lukcba/club-pulse-system-api/backend/internal/modules/championship/infrastructure/repository/postgres.go:84.108,90.2 1 0
github.com/lukcba/club-pulse-system-api/backend/internal/modules/championship/infrastructure/repository/postgres.go:92.123,98.2 1 0
github.com/lukcba/club-pulse-system-api/backend/internal/modules/championship/infrastructure/repository/postgres.go:100.98,111.2 3 0
github.com/lukcba/club-pulse-system-api/backend/internal/modules/championship/infrastructure/repository/postgres.go:113.88,115.2 1 0
github.com/lukcba/club-pulse-system-api/backend/internal/modules/championship/infrastructure/repository/postgres.go:117.90,119.2 1 0
github.com/lukcba/club-pulse-system-api/backend/internal/modules/championship/infrastructure/repository/postgres.go:121.90,129.2 3 0
github.com/lukcba/club-pulse-system-api/backend/internal/modules/championship/infrastructure/http/handler.go:14.94,16.2 1 0
github.com/lukcba/club-pulse-system-api/backend/internal/modules/championship/infrastructure/http/handler.go:18.132,22.2 3 0
github.com/lukcba/club-pulse-system-api/backend/internal/modules/championship/infrastructure/http/handler.go:22.2,33.3 10 0
github.com/lukcba/club-pulse-system-api/backend/internal/modules/championship/infrastructure/http/handler.go:36.63,42.18 2 0
github.com/lukcba/club-pulse-system-api/backend/internal/modules/championship/infrastructure/http/handler.go:42.19,46.3 0 0
github.com/lukcba/club-pulse-system-api/backend/internal/modules/championship/infrastructure/http/handler.go:48.2,49.16 2 0
github.com/lukcba/club-pulse-system-api/backend/internal/modules/championship/infrastructure/http/handler.go:49.16,52.3 2 0
github.com/lukcba/club-pulse-system-api/backend/internal/modules/championship/infrastructure/http/handler.go:53.2,53.36 1 0
github.com/lukcba/club-pulse-system-api/backend/internal/modules/championship/infrastructure/http/handler.go:56.60,59.16 3 0
github.com/lukcba/club-pulse-system-api/backend/internal/modules/championship/infrastructure/http/handler.go:59.16,62.3 2 0
github.com/lukcba/club-pulse-system-api/backend/internal/modules/championship/infrastructure/http/handler.go:63.2,63.34 1 0
github.com/lukcba/club-pulse-system-api/backend/internal/modules/championship/infrastructure/http/handler.go:66.65,69.16 3 0
github.com/lukcba/club-pulse-system-api/backend/internal/modules/championship/infrastructure/http/handler.go:69.16,72.3 2 0
github.com/lukcba/club-pulse-system-api/backend/internal/modules/championship/infrastructure/http/handler.go:73.2,73.32 1 0
github.com/lukcba/club-pulse-system-api/backend/internal/modules/championship/infrastructure/http/handler.go:76.61,78.49 2 0
github.com/lukcba/club-pulse-system-api/backend/internal/modules/championship/infrastructure/http/handler.go:78.49,81.3 2 0
github.com/lukcba/club-pulse-system-api/backend/internal/modules/championship/infrastructure/http/handler.go:83.2,83.56 1 0
github.com/lukcba/club-pulse-system-api/backend/internal/modules/championship/infrastructure/http/handler.go:83.56,86.3 2 0
github.com/lukcba/club-pulse-system-api/backend/internal/modules/championship/infrastructure/http/handler.go:88.2,88.59 1 0
github.com/lukcba/club-pulse-system-api/backend/internal/modules/championship/infrastructure/http/handler.go:91.65,93.49 2 0
github.com/lukcba/club-pulse-system-api/backend/internal/modules/championship/infrastructure/http/handler.go:93.49,96.3 2 0
github.com/lukcba/club-pulse-system-api/backend/internal/modules/championship/infrastructure/http/handler.go:98.2,98.60 1 0
github.com/lukcba/club-pulse-system-api/backend/internal/modules/championship/infrastructure/http/handler.go:98.60,101.3 2 0
github.com/lukcba/club-pulse-system-api/backend/internal/modules/championship/infrastructure/http/handler.go:103.2,103.51 1 0
github.com/lukcba/club-pulse-system-api/backend/internal/modules/championship/infrastructure/http/handler.go:106.64,108.49 2 0
github.com/lukcba/club-pulse-system-api/backend/internal/modules/championship/infrastructure/http/handler.go:108.49,111.3 2 0
github.com/lukcba/club-pulse-system-api/backend/internal/modules/championship/infrastructure/http/handler.go:113.2,114.16 2 0
github.com/lukcba/club-pulse-system-api/backend/internal/modules/championship/infrastructure/http/handler.go:114.16,117.3 2 0
github.com/lukcba/club-pulse-system-api/backend/internal/modules/championship/infrastructure/http/handler.go:119.2,119.40 1 0
github.com/lukcba/club-pulse-system-api/backend/internal/modules/championship/infrastructure/http/handler.go:122.56,124.49 2 0
github.com/lukcba/club-pulse-system-api/backend/internal/modules/championship/infrastructure/http/handler.go:124.49,127.3 2 0
github.com/lukcba/club-pulse-system-api/backend/internal/modules/championship/infrastructure/http/handler.go:128.2,131.16 3 0
github.com/lukcba/club-pulse-system-api/backend/internal/modules/championship/infrastructure/http/handler.go:131.16,134.3 2 0
github.com/lukcba/club-pulse-system-api/backend/internal/modules/championship/infrastructure/http/handler.go:136.2,136.35 1 0
github.com/lukcba/club-pulse-system-api/backend/internal/modules/championship/infrastructure/http/handler.go:139.56,141.49 2 0
github.com/lukcba/club-pulse-system-api/backend/internal/modules/championship/infrastructure/http/handler.go:141.49,144.3 2 0
github.com/lukcba/club-pulse-system-api/backend/internal/modules/championship/infrastructure/http/handler.go:145.2,148.16 3 0
github.com/lukcba/club-pulse-system-api/backend/internal/modules/championship/infrastructure/http/handler.go:148.16,151.3 2 0
github.com/lukcba/club-pulse-system-api/backend/internal/modules/championship/infrastructure/http/handler.go:153.2,153.35 1 0
github.com/lukcba/club-pulse-system-api/backend/internal/modules/championship/infrastructure/http/handler.go:156.60,158.49 2 0
github.com/lukcba/club-pulse-system-api/backend/internal/modules/championship/infrastructure/http/handler.go:158.49,161.3 2 0
github.com/lukcba/club-pulse-system-api/backend/internal/modules/championship/infrastructure/http/handler.go:162.2,164.16 3 0
[...]
github.com/lukcba/club-pulse-system-api/backend/internal/modules/auth/infrastructure/http/handler.go:86.47,89.3 2 0
github.com/lukcba/club-pulse-system-api/backend/internal/modules/auth/infrastructure/http/handler.go:91.2,92.16 2 0
github.com/lukcba/club-pulse-system-api/backend/internal/modules/auth/infrastructure/http/handler.go:92.16,95.3 2 0
github.com/lukcba/club-pulse-system-api/backend/internal/modules/auth/infrastructure/http/handler.go:97.2,97.30 1 0
github.com/lukcba/club-pulse-system-api/backend/internal/modules/auth/infrastructure/http/handler.go:100.46,105.47 3 0
github.com/lukcba/club-pulse-system-api/backend/internal/modules/auth/infrastructure/http/handler.go:105.47,108.3 2 0
github.com/lukcba/club-pulse-system-api/backend/internal/modules/auth/infrastructure/http/handler.go:110.2,110.59 1 0
github.com/lukcba/club-pulse-system-api/backend/internal/modules/auth/infrastructure/http/handler.go:110.59,113.3 2 0
github.com/lukcba/club-pulse-system-api/backend/internal/modules/auth/infrastructure/http/handler.go:115.2,115.32 1 0
github.com/lukcba/club-pulse-system-api/backend/internal/modules/auth/infrastructure/http/handler.go:118.52,120.13 2 2
github.com/lukcba/club-pulse-system-api/backend/internal/modules/auth/infrastructure/http/handler.go:120.13,123.3 2 1
github.com/lukcba/club-pulse-system-api/backend/internal/modules/auth/infrastructure/http/handler.go:125.2,126.16 2 1
github.com/lukcba/club-pulse-system-api/backend/internal/modules/auth/infrastructure/http/handler.go:126.16,129.3 2 0
github.com/lukcba/club-pulse-system-api/backend/internal/modules/auth/infrastructure/http/handler.go:131.2,131.33 1 1
github.com/lukcba/club-pulse-system-api/backend/internal/modules/auth/infrastructure/http/handler.go:134.53,136.21 2 2
github.com/lukcba/club-pulse-system-api/backend/internal/modules/auth/infrastructure/http/handler.go:136.21,139.3 2 1
github.com/lukcba/club-pulse-system-api/backend/internal/modules/auth/infrastructure/http/handler.go:141.2,142.13 2 1
github.com/lukcba/club-pulse-system-api/backend/internal/modules/auth/infrastructure/http/handler.go:142.13,145.3 2 0
github.com/lukcba/club-pulse-system-api/backend/internal/modules/auth/infrastructure/http/handler.go:147.2,147.76 1 1
github.com/lukcba/club-pulse-system-api/backend/internal/modules/auth/infrastructure/http/handler.go:147.76,150.3 2 0
github.com/lukcba/club-pulse-system-api/backend/internal/modules/auth/infrastructure/http/handler.go:152.2,152.60 1 1
github.com/lukcba/club-pulse-system-api/backend/internal/modules/auth/infrastructure/http/handler.go:155.51,160.47 3 0
github.com/lukcba/club-pulse-system-api/backend/internal/modules/auth/infrastructure/http/handler.go:160.47,163.3 2 0
github.com/lukcba/club-pulse-system-api/backend/internal/modules/auth/infrastructure/http/handler.go:165.2,166.16 2 0
github.com/lukcba/club-pulse-system-api/backend/internal/modules/auth/infrastructure/http/handler.go:166.16,169.3 2 0
github.com/lukcba/club-pulse-system-api/backend/internal/modules/auth/infrastructure/http/handler.go:172.2,173.30 2 0
github.com/lukcba/club-pulse-system-api/backend/internal/modules/auth/infrastructure/http/handler.go:173.30,175.3 1 0
github.com/lukcba/club-pulse-system-api/backend/internal/modules/auth/infrastructure/http/handler.go:177.2,177.68 1 0
github.com/lukcba/club-pulse-system-api/backend/internal/modules/auth/infrastructure/http/handler.go:181.89,183.2 2 0
github.com/lukcba/club-pulse-system-api/backend/internal/modules/auth/infrastructure/http/handler.go:183.2,189.3 5 0
github.com/lukcba/club-pulse-system-api/backend/internal/modules/auth/infrastructure/http/handler.go:192.2,194.2 3 0
github.com/lukcba/club-pulse-system-api/backend/internal/modules/auth/infrastructure/http/handler.go:194.2,197.3 2 0
github.com/lukcba/club-pulse-system-api/backend/internal/modules/auth/infrastructure/http/handler.go:201.45,202.41 1 0
github.com/lukcba/club-pulse-system-api/backend/internal/modules/auth/infrastructure/http/handler.go:202.41,205.3 2 0
github.com/lukcba/club-pulse-system-api/backend/internal/modules/auth/infrastructure/http/handler.go:206.2,206.81 1 0
github.com/lukcba/club-pulse-system-api/backend/internal/modules/auth/infrastructure/http/middleware.go:12.71,13.30 1 0
github.com/lukcba/club-pulse-system-api/backend/internal/modules/auth/infrastructure/http/middleware.go:13.30,16.38 2 0
github.com/lukcba/club-pulse-system-api/backend/internal/modules/auth/infrastructure/http/middleware.go:16.38,19.24 2 0
github.com/lukcba/club-pulse-system-api/backend/internal/modules/auth/infrastructure/http/middleware.go:19.24,22.5 2 0
github.com/lukcba/club-pulse-system-api/backend/internal/modules/auth/infrastructure/http/middleware.go:25.4,26.47 2 0
github.com/lukcba/club-pulse-system-api/backend/internal/modules/auth/infrastructure/http/middleware.go:26.47,29.5 2 0
github.com/lukcba/club-pulse-system-api/backend/internal/modules/auth/infrastructure/http/middleware.go:30.4,30.26 1 0
github.com/lukcba/club-pulse-system-api/backend/internal/modules/auth/infrastructure/http/middleware.go:32.3,33.17 2 0
github.com/lukcba/club-pulse-system-api/backend/internal/modules/auth/infrastructure/http/middleware.go:33.17,36.4 2 0
github.com/lukcba/club-pulse-system-api/backend/internal/modules/auth/infrastructure/http/middleware.go:39.3,42.11 4 0
github.com/lukcba/club-pulse-system-api/backend/internal/modules/booking/application/usecases.go:52.20,60.2 1 5
github.com/lukcba/club-pulse-system-api/backend/internal/modules/booking/application/usecases.go:63.111,66.16 2 5
github.com/lukcba/club-pulse-system-api/backend/internal/modules/booking/application/usecases.go:66.16,68.3 1 0
github.com/lukcba/club-pulse-system-api/backend/internal/modules/booking/application/usecases.go:70.2,70.38 1 5
github.com/lukcba/club-pulse-system-api/backend/internal/modules/booking/application/usecases.go:70.38,72.3 1 1
github.com/lukcba/club-pulse-system-api/backend/internal/modules/booking/application/usecases.go:75.2,75.112 1 4
github.com/lukcba/club-pulse-system-api/backend/internal/modules/booking/application/usecases.go:75.112,77.3 1 3
github.com/lukcba/club-pulse-system-api/backend/internal/modules/booking/application/usecases.go:80.2,80.71 1 1
github.com/lukcba/club-pulse-system-api/backend/internal/modules/booking/application/usecases.go:80.71,82.3 1 0
github.com/lukcba/club-pulse-system-api/backend/internal/modules/booking/application/usecases.go:85.2,99.48 2 1
github.com/lukcba/club-pulse-system-api/backend/internal/modules/booking/application/usecases.go:99.48,101.3 1 0
github.com/lukcba/club-pulse-system-api/backend/internal/modules/booking/application/usecases.go:104.2,106.21 2 1
github.com/lukcba/club-pulse-system-api/backend/internal/modules/booking/application/usecases.go:110.104,112.18 2 0
github.com/lukcba/club-pulse-system-api/backend/internal/modules/booking/application/usecases.go:112.18,113.49 1 0
github.com/lukcba/club-pulse-system-api/backend/internal/modules/booking/application/usecases.go:113.49,115.4 1 0
github.com/lukcba/club-pulse-system-api/backend/internal/modules/booking/application/usecases.go:117.2,117.37 1 0
github.com/lukcba/club-pulse-system-api/backend/internal/modules/booking/application/usecases.go:122.133,125.22 2 0
github.com/lukcba/club-pulse-system-api/backend/internal/modules/booking/application/usecases.go:125.22,126.53 1 0
github.com/lukcba/club-pulse-system-api/backend/internal/modules/booking/application/usecases.go:126.53,128.4 1 0
github.com/lukcba/club-pulse-system-api/backend/internal/modules/booking/application/usecases.go:131.2,131.50 1 0
github.com/lukcba/club-pulse-system-api/backend/internal/modules/booking/application/usecases.go:135.92,137.16 2 0
github.com/lukcba/club-pulse-system-api/backend/internal/modules/booking/application/usecases.go:137.16,139.3 1 0
github.com/lukcba/club-pulse-system-api/backend/internal/modules/booking/application/usecases.go:141.2,142.16 2 0
github.com/lukcba/club-pulse-system-api/backend/internal/modules/booking/application/usecases.go:142.16,144.3 1 0
github.com/lukcba/club-pulse-system-api/backend/internal/modules/booking/application/usecases.go:145.2,145.20 1 0
github.com/lukcba/club-pulse-system-api/backend/internal/modules/booking/application/usecases.go:145.20,147.3 1 0
github.com/lukcba/club-pulse-system-api/backend/internal/modules/booking/application/usecases.go:150.2,150.75 1 0
github.com/lukcba/club-pulse-system-api/backend/internal/modules/booking/application/usecases.go:150.75,152.3 1 0
github.com/lukcba/club-pulse-system-api/backend/internal/modules/booking/application/usecases.go:154.2,157.48 3 0
github.com/lukcba/club-pulse-system-api/backend/internal/modules/booking/application/usecases.go:157.48,159.3 1 0
github.com/lukcba/club-pulse-system-api/backend/internal/modules/booking/application/usecases.go:162.2,164.31 3 0
github.com/lukcba/club-pulse-system-api/backend/internal/modules/booking/application/usecases.go:164.31,171.3 1 0
github.com/lukcba/club-pulse-system-api/backend/internal/modules/booking/application/usecases.go:173.2,173.12 1 0
github.com/lukcba/club-pulse-system-api/backend/internal/modules/booking/application/usecases.go:177.121,179.16 2 0
github.com/lukcba/club-pulse-system-api/backend/internal/modules/booking/application/usecases.go:179.16,181.3 1 0
github.com/lukcba/club-pulse-system-api/backend/internal/modules/booking/application/usecases.go:185.2,186.16 2 0
github.com/lukcba/club-pulse-system-api/backend/internal/modules/booking/application/usecases.go:186.16,188.3 1 0
github.com/lukcba/club-pulse-system-api/backend/internal/modules/booking/application/usecases.go:189.2,189.21 1 0
github.com/lukcba/club-pulse-system-api/backend/internal/modules/booking/application/usecases.go:189.21,191.3 1 0
github.com/lukcba/club-pulse-system-api/backend/internal/modules/booking/application/usecases.go:193.2,194.16 2 0
github.com/lukcba/club-pulse-system-api/backend/internal/modules/booking/application/usecases.go:194.16,196.3 1 0
github.com/lukcba/club-pulse-system-api/backend/internal/modules/booking/application/usecases.go:199.2,203.36 3 0
github.com/lukcba/club-pulse-system-api/backend/internal/modules/booking/application/usecases.go:203.36,206.3 2 0
github.com/lukcba/club-pulse-system-api/backend/internal/modules/booking/application/usecases.go:208.2,210.39 2 0
github.com/lukcba/club-pulse-system-api/backend/internal/modules/booking/application/usecases.go:210.39,222.3 4 0
github.com/lukcba/club-pulse-system-api/backend/internal/modules/booking/application/usecases.go:224.2,224.19 1 0
github.com/lukcba/club-pulse-system-api/backend/internal/modules/booking/application/usecases.go:228.129,230.16 2 0
github.com/lukcba/club-pulse-system-api/backend/internal/modules/booking/application/usecases.go:230.16,232.3 1 0
github.com/lukcba/club-pulse-system-api/backend/internal/modules/booking/application/usecases.go:234.2,235.16 2 0
github.com/lukcba/club-pulse-system-api/backend/internal/modules/booking/application/usecases.go:235.16,237.3 1 0
github.com/lukcba/club-pulse-system-api/backend/internal/modules/booking/application/usecases.go:238.2,239.16 2 0
github.com/lukcba/club-pulse-system-api/backend/internal/modules/booking/application/usecases.go:239.16,241.3 1 0
github.com/lukcba/club-pulse-system-api/backend/internal/modules/booking/application/usecases.go:243.2,255.76 2 0
github.com/lukcba/club-pulse-system-api/backend/internal/modules/booking/application/usecases.go:255.76,257.3 1 0
github.com/lukcba/club-pulse-system-api/backend/internal/modules/booking/application/usecases.go:259.2,259.18 1 0
github.com/lukcba/club-pulse-system-api/backend/internal/modules/booking/application/usecases.go:264.86,267.16 3 0
github.com/lukcba/club-pulse-system-api/backend/internal/modules/booking/application/usecases.go:267.16,269.3 1 0
github.com/lukcba/club-pulse-system-api/backend/internal/modules/booking/application/usecases.go:271.2,274.29 3 0
github.com/lukcba/club-pulse-system-api/backend/internal/modules/booking/application/usecases.go:274.29,276.31 2 0
github.com/lukcba/club-pulse-system-api/backend/internal/modules/booking/application/usecases.go:276.31,279.17 2 0
github.com/lukcba/club-pulse-system-api/backend/internal/modules/booking/application/usecases.go:279.17,280.47 1 0
github.com/lukcba/club-pulse-system-api/backend/internal/modules/booking/application/usecases.go:280.47,282.6 1 0
github.com/lukcba/club-pulse-system-api/backend/internal/modules/booking/application/usecases.go:286.2,286.12 1 0
github.com/lukcba/club-pulse-system-api/backend/internal/modules/booking/application/usecases.go:291.74,293.16 2 5
github.com/lukcba/club-pulse-system-api/backend/internal/modules/booking/application/usecases.go:293.16,295.3 1 0
github.com/lukcba/club-pulse-system-api/backend/internal/modules/booking/application/usecases.go:296.2,297.16 2 5
github.com/lukcba/club-pulse-system-api/backend/internal/modules/booking/application/usecases.go:297.16,299.3 1 0
github.com/lukcba/club-pulse-system-api/backend/internal/modules/booking/application/usecases.go:300.2,300.26 1 5
github.com/lukcba/club-pulse-system-api/backend/internal/modules/booking/application/usecases.go:303.129,306.16 2 4
github.com/lukcba/club-pulse-system-api/backend/internal/modules/booking/application/usecases.go:306.16,308.3 1 0
github.com/lukcba/club-pulse-system-api/backend/internal/modules/booking/application/usecases.go:309.2,309.21 1 4
github.com/lukcba/club-pulse-system-api/backend/internal/modules/booking/application/usecases.go:309.21,311.3 1 1
github.com/lukcba/club-pulse-system-api/backend/internal/modules/booking/application/usecases.go:312.2,312.60 1 3
github.com/lukcba/club-pulse-system-api/backend/internal/modules/booking/application/usecases.go:312.60,314.3 1 0
github.com/lukcba/club-pulse-system-api/backend/internal/modules/booking/application/usecases.go:317.2,318.16 2 3
github.com/lukcba/club-pulse-system-api/backend/internal/modules/booking/application/usecases.go:318.16,320.3 1 0
github.com/lukcba/club-pulse-system-api/backend/internal/modules/booking/application/usecases.go:321.2,321.14 1 3
github.com/lukcba/club-pulse-system-api/backend/internal/modules/booking/application/usecases.go:321.14,323.3 1 1
github.com/lukcba/club-pulse-system-api/backend/internal/modules/booking/application/usecases.go:326.2,327.16 2 2
github.com/lukcba/club-pulse-system-api/backend/internal/modules/booking/application/usecases.go:327.16,329.3 1 0
github.com/lukcba/club-pulse-system-api/backend/internal/modules/booking/application/usecases.go:330.2,330.19 1 2
github.com/lukcba/club-pulse-system-api/backend/internal/modules/booking/application/usecases.go:330.19,332.3 1 1
github.com/lukcba/club-pulse-system-api/backend/internal/modules/booking/application/usecases.go:334.2,334.12 1 1
github.com/lukcba/club-pulse-system-api/backend/internal/modules/booking/application/usecases.go:337.76,339.16 2 1
github.com/lukcba/club-pulse-system-api/backend/internal/modules/booking/application/usecases.go:339.16,341.3 1 0
github.com/lukcba/club-pulse-system-api/backend/internal/modules/booking/application/usecases.go:342.2,342.17 1 1
github.com/lukcba/club-pulse-system-api/backend/internal/modules/booking/application/usecases.go:342.17,344.3 1 0
github.com/lukcba/club-pulse-system-api/backend/internal/modules/booking/application/usecases.go:346.2,346.99 1 1
github.com/lukcba/club-pulse-system-api/backend/internal/modules/booking/application/usecases.go:346.99,348.3 1 0
github.com/lukcba/club-pulse-system-api/backend/internal/modules/booking/application/usecases.go:350.2,350.80 1 1
github.com/lukcba/club-pulse-system-api/backend/internal/modules/booking/application/usecases.go:350.80,352.3 1 0
github.com/lukcba/club-pulse-system-api/backend/internal/modules/booking/application/usecases.go:354.2,354.12 1 1
github.com/lukcba/club-pulse-system-api/backend/internal/modules/booking/application/usecases.go:357.66,358.12 1 1
github.com/lukcba/club-pulse-system-api/backend/internal/modules/booking/application/usecases.go:358.12,365.17 2 1
github.com/lukcba/club-pulse-system-api/backend/internal/modules/booking/application/usecases.go:365.17,368.4 1 0
github.com/lukcba/club-pulse-system-api/backend/internal/modules/booking/application/usecases.go:372.138,374.29 1 0
github.com/lukcba/club-pulse-system-api/backend/internal/modules/booking/application/usecases.go:374.29,375.56 1 0
github.com/lukcba/club-pulse-system-api/backend/internal/modules/booking/application/usecases.go:375.56,377.4 1 0
github.com/lukcba/club-pulse-system-api/backend/internal/modules/booking/application/usecases.go:384.2,385.11 2 0
github.com/lukcba/club-pulse-system-api/backend/internal/modules/booking/application/usecases.go:385.11,387.3 1 0
github.com/lukcba/club-pulse-system-api/backend/internal/modules/booking/application/usecases.go:389.2,389.20 1 0
github.com/lukcba/club-pulse-system-api/backend/internal/modules/booking/application/usecases.go:392.132,398.23 4 0
github.com/lukcba/club-pulse-system-api/backend/internal/modules/booking/application/usecases.go:398.23,400.3 1 0
github.com/lukcba/club-pulse-system-api/backend/internal/modules/booking/application/usecases.go:401.2,402.24 2 0
github.com/lukcba/club-pulse-system-api/backend/internal/modules/booking/application/usecases.go:402.24,404.3 1 0
github.com/lukcba/club-pulse-system-api/backend/internal/modules/booking/application/usecases.go:407.2,410.26 3 0
github.com/lukcba/club-pulse-system-api/backend/internal/modules/booking/application/usecases.go:410.26,411.47 1 0
github.com/lukcba/club-pulse-system-api/backend/internal/modules/booking/application/usecases.go:411.47,432.4 6 0
github.com/lukcba/club-pulse-system-api/backend/internal/modules/booking/application/usecases.go:433.3,433.37 1 0
github.com/lukcba/club-pulse-system-api/backend/internal/modules/booking/application/usecases.go:436.2,436.17 1 0
github.com/lukcba/club-pulse-system-api/backend/internal/modules/booking/application/usecases.go:445.110,447.16 2 0
github.com/lukcba/club-pulse-system-api/backend/internal/modules/booking/application/usecases.go:447.16,449.3 1 0
github.com/lukcba/club-pulse-system-api/backend/internal/modules/booking/application/usecases.go:450.2,451.16 2 0
github.com/lukcba/club-pulse-system-api/backend/internal/modules/booking/application/usecases.go:451.16,453.3 1 0
github.com/lukcba/club-pulse-system-api/backend/internal/modules/booking/application/usecases.go:455.2,466.75 2 0
github.com/lukcba/club-pulse-system-api/backend/internal/modules/booking/application/usecases.go:466.75,468.3 1 0
github.com/lukcba/club-pulse-system-api/backend/internal/modules/booking/application/usecases.go:469.2,469.19 1 0
github.com/lukcba/club-pulse-system-api/backend/internal/modules/membership/domain/membership.go:72.57,74.35 2 2
github.com/lukcba/club-pulse-system-api/backend/internal/modules/membership/domain/membership.go:74.35,76.3 1 1
github.com/lukcba/club-pulse-system-api/backend/internal/modules/membership/domain/membership.go:80.2,80.68 1 1
github.com/lukcba/club-pulse-system-api/backend/internal/modules/membership/domain/scholarship.go:29.77,30.17 1 0
github.com/lukcba/club-pulse-system-api/backend/internal/modules/membership/domain/scholarship.go:30.17,32.3 1 0
github.com/lukcba/club-pulse-system-api/backend/internal/modules/membership/domain/scholarship.go:33.2,33.60 1 0
github.com/lukcba/club-pulse-system-api/backend/internal/modules/membership/domain/scholarship.go:33.60,35.3 1 0
github.com/lukcba/club-pulse-system-api/backend/internal/modules/membership/domain/scholarship.go:37.2,38.29 2 0
github.com/lukcba/club-pulse-system-api/backend/internal/modules/membership/domain/subscription.go:35.123,48.2 1 0
github.com/lukcba/club-pulse-system-api/backend/internal/modules/user/domain/user.go:61.43,62.26 1 2
github.com/lukcba/club-pulse-system-api/backend/internal/modules/user/domain/user.go:62.26,64.3 1 1
github.com/lukcba/club-pulse-system-api/backend/internal/modules/user/domain/user.go:65.2,65.37 1 1
